<?xml version="1.0" encoding="UTF-8" ?>
<testsuite errors="0" failures="0" hostname="julius-laptop" name="tests.AkkaTests" tests="17" time="7.598" timestamp="2013-02-26T10:13:44">
  <properties>
[...]
</properties>
  <testcase classname="tests.AkkaTests" name="testMindMapAsXml" time="1.283"></testcase>
  <testcase classname="tests.AkkaTests" name="testChangeNodeRequestFailInvalidNode" time="0.335"></testcase>
  <testcase classname="tests.AkkaTests" name="testAddNodeRequestFailInvalidNode" time="0.073"></testcase>
  <testcase classname="tests.AkkaTests" name="testRemoveNodeRequestFailInvalidNode" time="0.083"></testcase>
  <testcase classname="tests.AkkaTests" name="testMindMapAsXmlFail" time="0.025"></testcase>
  <testcase classname="tests.AkkaTests" name="sendMapGetAsJsonAndCloseOnServerTest" time="0.176"></testcase>
  <testcase classname="tests.AkkaTests" name="testUseTestMapFromFreeplaneInstance" time="0.054"></testcase>
  <testcase classname="tests.AkkaTests" name="testAddNodeRequestFailInvalidMap" time="0.024"></testcase>
  <testcase classname="tests.AkkaTests" name="testGetNodeRequest" time="0.136"></testcase>
  <testcase classname="tests.AkkaTests" name="testMindMapAsJson" time="0.041"></testcase>
  <testcase classname="tests.AkkaTests" name="testMindMapAsJsonFail" time="0.021"></testcase>
  <testcase classname="tests.AkkaTests" name="testGetNodeRequestFailInvalidNode" time="0.068"></testcase>
  <testcase classname="tests.AkkaTests" name="testChangeNodeRequest" time="0.085"></testcase>
  <testcase classname="tests.AkkaTests" name="sendMapGetAsJsonAndCloseOnServerTestDoubleClose" time="3.02"></testcase>
  <testcase classname="tests.AkkaTests" name="testAddNodeRequest" time="0.083"></testcase>
  <testcase classname="tests.AkkaTests" name="testRemoveNodeRequest" time="0.07"></testcase>
  <testcase classname="tests.AkkaTests" name="testCloseNotAccessedMaps" time="0.051"></testcase>
  <system-out><![CDATA[[INFO] [02/26/2013 11:13:46.542] [main] [NettyRemoteTransport(akka://actoruser@127.0.0.1:2552)] RemoteServerStarted@akka://actoruser@127.0.0.1:2552
akka.actor.RepointableActorRef received
[INFO] [02/26/2013 11:13:47.033] [main] [NettyRemoteTransport(akka://actoruser@127.0.0.1:2552)] RemoteClientStarted@akka://freeplaneRemote@127.0.0.1:2553
org.docear.messages.Messages$MindmapAsXmlResponse received
akka.actor.RepointableActorRef received
akka.actor.Status$Failure received
akka.actor.RepointableActorRef received
akka.actor.Status$Failure received
akka.actor.RepointableActorRef received
akka.actor.Status$Failure received
akka.actor.RepointableActorRef received
akka.actor.Status$Failure received
{"id":"1361873628644428533102534932939138.mm","isReadonly":false,"root":{"id":"ID_0","nodeText":"test_5 = MapID ; 5.mm = Title","isHtml":false,"folded":false,"icons":[],"image":null,"link":null,"locked":null,"leftChildren":[{"id":"ID_1395002523","nodeText":"left_L1P0_TreeDepth_5Children","isHtml":false,"folded":false,"icons":[],"image":null,"link":null,"locked":null,"children":[{"id":"ID_1384944366","nodeText":"left_L2P00","isHtml":false,"folded":false,"icons":[],"image":null,"link":null,"locked":null,"children":[{"id":"ID_1886685557","nodeText":"left_L3P000","isHtml":false,"folded":false,"icons":[],"image":null,"link":null,"locked":null,"children":[{"id":"ID_369887845","nodeText":"left_L4P0000","isHtml":false,"folded":false,"icons":[],"image":null,"link":null,"locked":null,"children":[{"id":"ID_1731394006","nodeText":"left_L5P00000","isHtml":false,"folded":false,"icons":[],"image":null,"link":null,"locked":null,"children":[{"id":"ID_1147936295","nodeText":"left_L6P000000","isHtml":false,"folded":false,"icons":[],"image":null,"link":null,"locked":null,"children":[],"hGap":0,"shiftY":0,"attributes":null,"allChildren":[]}],"hGap":0,"shiftY":0,"attributes":null,"allChildren":[{"id":"ID_1147936295","nodeText":"left_L6P000000","isHtml":false,"folded":false,"icons":[],"image":null,"link":null,"locked":null,"children":[],"hGap":0,"shiftY":0,"attributes":null,"allChildren":[]}]}],"hGap":0,"shiftY":0,"attributes":null,"allChildren":[{"id":"ID_1731394006","nodeText":"left_L5P00000","isHtml":false,"folded":false,"icons":[],"image":null,"link":null,"locked":null,"children":[{"id":"ID_1147936295","nodeText":"left_L6P000000","isHtml":false,"folded":false,"icons":[],"image":null,"link":null,"locked":null,"children":[],"hGap":0,"shiftY":0,"attributes":null,"allChildren":[]}],"hGap":0,"shiftY":0,"attributes":null,"allChildren":[{"id":"ID_1147936295","nodeText":"left_L6P000000","isHtml":false,"folded":false,"icons":[],"image":null,"link":null,"locked":null,"children":[],"hGap":0,"shiftY":0,"attributes":null,"allChildren":[]}]}]}],"hGap":0,"shiftY":0,"attributes":null,"allChildren":[{"id":"ID_369887845","nodeText":"left_L4P0000","isHtml":false,"folded":false,"icons":[],"image":null,"link":null,"locked":null,"children":[{"id":"ID_1731394006","nodeText":"left_L5P00000","isHtml":false,"folded":false,"icons":[],"image":null,"link":null,"locked":null,"children":[{"id":"ID_1147936295","nodeText":"left_L6P000000","isHtml":false,"folded":false,"icons":[],"image":null,"link":null,"locked":null,"children":[],"hGap":0,"shiftY":0,"attributes":null,"allChildren":[]}],"hGap":0,"shiftY":0,"attributes":null,"allChildren":[{"id":"ID_1147936295","nodeText":"left_L6P000000","isHtml":false,"folded":false,"icons":[],"image":null,"link":null,"locked":null,"children":[],"hGap":0,"shiftY":0,"attributes":null,"allChildren":[]}]}],"hGap":0,"shiftY":0,"attributes":null,"allChildren":[{"id":"ID_1731394006","nodeText":"left_L5P00000","isHtml":false,"folded":false,"icons":[],"image":null,"link":null,"locked":null,"children":[{"id":"ID_1147936295","nodeText":"left_L6P000000","isHtml":false,"folded":false,"icons":[],"image":null,"link":null,"locked":null,"children":[],"hGap":0,"shiftY":0,"attributes":null,"allChildren":[]}],"hGap":0,"shiftY":0,"attributes":null,"allChildren":[{"id":"ID_1147936295","nodeText":"left_L6P000000","isHtml":false,"folded":false,"icons":[],"image":null,"link":null,"locked":null,"children":[],"hGap":0,"shiftY":0,"attributes":null,"allChildren":[]}]}]}]}],"hGap":0,"shiftY":0,"attributes":null,"allChildren":[{"id":"ID_1886685557","nodeText":"left_L3P000","isHtml":false,"folded":false,"icons":[],"image":null,"link":null,"locked":null,"children":[{"id":"ID_369887845","nodeText":"left_L4P0000","isHtml":false,"folded":false,"icons":[],"image":null,"link":null,"locked":null,"children":[{"id":"ID_1731394006","nodeText":"left_L5P00000","isHtml":false,"folded":false,"icons":[],"image":null,"link":null,"locked":null,"children":[{"id":"ID_1147936295","nodeText":"left_L6P000000","isHtml":false,"folded":false,"icons":[],"image":null,"link":null,"locked":null,"children":[],"hGap":0,"shiftY":0,"attributes":null,"allChildren":[]}],"hGap":0,"shiftY":0,"attributes":null,"allChildren":[{"id":"ID_1147936295","nodeText":"left_L6P000000","isHtml":false,"folded":false,"icons":[],"image":null,"link":null,"locked":null,"children":[],"hGap":0,"shiftY":0,"attributes":null,"allChildren":[]}]}],"hGap":0,"shiftY":0,"attributes":null,"allChildren":[{"id":"ID_1731394006","nodeText":"left_L5P00000","isHtml":false,"folded":false,"icons":[],"image":null,"link":null,"locked":null,"children":[{"id":"ID_1147936295","nodeText":"left_L6P000000","isHtml":false,"folded":false,"icons":[],"image":null,"link":null,"locked":null,"children":[],"hGap":0,"shiftY":0,"attributes":null,"allChildren":[]}],"hGap":0,"shiftY":0,"attributes":null,"allChildren":[{"id":"ID_1147936295","nodeText":"left_L6P000000","isHtml":false,"folded":false,"icons":[],"image":null,"link":null,"locked":null,"children":[],"hGap":0,"shiftY":0,"attributes":null,"allChildren":[]}]}]}],"hGap":0,"shiftY":0,"attributes":null,"allChildren":[{"id":"ID_369887845","nodeText":"left_L4P0000","isHtml":false,"folded":false,"icons":[],"image":null,"link":null,"locked":null,"children":[{"id":"ID_1731394006","nodeText":"left_L5P00000","isHtml":false,"folded":false,"icons":[],"image":null,"link":null,"locked":null,"children":[{"id":"ID_1147936295","nodeText":"left_L6P000000","isHtml":false,"folded":false,"icons":[],"image":null,"link":null,"locked":null,"children":[],"hGap":0,"shiftY":0,"attributes":null,"allChildren":[]}],"hGap":0,"shiftY":0,"attributes":null,"allChildren":[{"id":"ID_1147936295","nodeText":"left_L6P000000","isHtml":false,"folded":false,"icons":[],"image":null,"link":null,"locked":null,"children":[],"hGap":0,"shiftY":0,"attributes":null,"allChildren":[]}]}],"hGap":0,"shiftY":0,"attributes":null,"allChildren":[{"id":"ID_1731394006","nodeText":"left_L5P00000","isHtml":false,"folded":false,"icons":[],"image":null,"link":null,"locked":null,"children":[{"id":"ID_1147936295","nodeText":"left_L6P000000","isHtml":false,"folded":false,"icons":[],"image":null,"link":null,"locked":null,"children":[],"hGap":0,"shiftY":0,"attributes":null,"allChildren":[]}],"hGap":0,"shiftY":0,"attributes":null,"allChildren":[{"id":"ID_1147936295","nodeText":"left_L6P000000","isHtml":false,"folded":false,"icons":[],"image":null,"link":null,"locked":null,"children":[],"hGap":0,"shiftY":0,"attributes":null,"allChildren":[]}]}]}]}]}],"hGap":80,"shiftY":-90,"attributes":null,"allChildren":[{"id":"ID_1384944366","nodeText":"left_L2P00","isHtml":false,"folded":false,"icons":[],"image":null,"link":null,"locked":null,"children":[{"id":"ID_1886685557","nodeText":"left_L3P000","isHtml":false,"folded":false,"icons":[],"image":null,"link":null,"locked":null,"children":[{"id":"ID_369887845","nodeText":"left_L4P0000","isHtml":false,"folded":false,"icons":[],"image":null,"link":null,"locked":null,"children":[{"id":"ID_1731394006","nodeText":"left_L5P00000","isHtml":false,"folded":false,"icons":[],"image":null,"link":null,"locked":null,"children":[{"id":"ID_1147936295","nodeText":"left_L6P000000","isHtml":false,"folded":false,"icons":[],"image":null,"link":null,"locked":null,"children":[],"hGap":0,"shiftY":0,"attributes":null,"allChildren":[]}],"hGap":0,"shiftY":0,"attributes":null,"allChildren":[{"id":"ID_1147936295","nodeText":"left_L6P000000","isHtml":false,"folded":false,"icons":[],"image":null,"link":null,"locked":null,"children":[],"hGap":0,"shiftY":0,"attributes":null,"allChildren":[]}]}],"hGap":0,"shiftY":0,"attributes":null,"allChildren":[{"id":"ID_1731394006","nodeText":"left_L5P00000","isHtml":false,"folded":false,"icons":[],"image":null,"link":null,"locked":null,"children":[{"id":"ID_1147936295","nodeText":"left_L6P000000","isHtml":false,"folded":false,"icons":[],"image":null,"link":null,"locked":null,"children":[],"hGap":0,"shiftY":0,"attributes":null,"allChildren":[]}],"hGap":0,"shiftY":0,"attributes":null,"allChildren":[{"id":"ID_1147936295","nodeText":"left_L6P000000","isHtml":false,"folded":false,"icons":[],"image":null,"link":null,"locked":null,"children":[],"hGap":0,"shiftY":0,"attributes":null,"allChildren":[]}]}]}],"hGap":0,"shiftY":0,"attributes":null,"allChildren":[{"id":"ID_369887845","nodeText":"left_L4P0000","isHtml":false,"folded":false,"icons":[],"image":null,"link":null,"locked":null,"children":[{"id":"ID_1731394006","nodeText":"left_L5P00000","isHtml":false,"folded":false,"icons":[],"image":null,"link":null,"locked":null,"children":[{"id":"ID_1147936295","nodeText":"left_L6P000000","isHtml":false,"folded":false,"icons":[],"image":null,"link":null,"locked":null,"children":[],"hGap":0,"shiftY":0,"attributes":null,"allChildren":[]}],"hGap":0,"shiftY":0,"attributes":null,"allChildren":[{"id":"ID_1147936295","nodeText":"left_L6P000000","isHtml":false,"folded":false,"icons":[],"image":null,"link":null,"locked":null,"children":[],"hGap":0,"shiftY":0,"attributes":null,"allChildren":[]}]}],"hGap":0,"shiftY":0,"attributes":null,"allChildren":[{"id":"ID_1731394006","nodeText":"left_L5P00000","isHtml":false,"folded":false,"icons":[],"image":null,"link":null,"locked":null,"children":[{"id":"ID_1147936295","nodeText":"left_L6P000000","isHtml":false,"folded":false,"icons":[],"image":null,"link":null,"locked":null,"children":[],"hGap":0,"shiftY":0,"attributes":null,"allChildren":[]}],"hGap":0,"shiftY":0,"attributes":null,"allChildren":[{"id":"ID_1147936295","nodeText":"left_L6P000000","isHtml":false,"folded":false,"icons":[],"image":null,"link":null,"locked":null,"children":[],"hGap":0,"shiftY":0,"attributes":null,"allChildren":[]}]}]}]}],"hGap":0,"shiftY":0,"attributes":null,"allChildren":[{"id":"ID_1886685557","nodeText":"left_L3P000","isHtml":false,"folded":false,"icons":[],"image":null,"link":null,"locked":null,"children":[{"id":"ID_369887845","nodeText":"left_L4P0000","isHtml":false,"folded":false,"icons":[],"image":null,"link":null,"locked":null,"children":[{"id":"ID_1731394006","nodeText":"left_L5P00000","isHtml":false,"folded":false,"icons":[],"image":null,"link":null,"locked":null,"children":[{"id":"ID_1147936295","nodeText":"left_L6P000000","isHtml":false,"folded":false,"icons":[],"image":null,"link":null,"locked":null,"children":[],"hGap":0,"shiftY":0,"attributes":null,"allChildren":[]}],"hGap":0,"shiftY":0,"attributes":null,"allChildren":[{"id":"ID_1147936295","nodeText":"left_L6P000000","isHtml":false,"folded":false,"icons":[],"image":null,"link":null,"locked":null,"children":[],"hGap":0,"shiftY":0,"attributes":null,"allChildren":[]}]}],"hGap":0,"shiftY":0,"attributes":null,"allChildren":[{"id":"ID_1731394006","nodeText":"left_L5P00000","isHtml":false,"folded":false,"icons":[],"image":null,"link":null,"locked":null,"children":[{"id":"ID_1147936295","nodeText":"left_L6P000000","isHtml":false,"folded":false,"icons":[],"image":null,"link":null,"locked":null,"children":[],"hGap":0,"shiftY":0,"attributes":null,"allChildren":[]}],"hGap":0,"shiftY":0,"attributes":null,"allChildren":[{"id":"ID_1147936295","nodeText":"left_L6P000000","isHtml":false,"folded":false,"icons":[],"image":null,"link":null,"locked":null,"children":[],"hGap":0,"shiftY":0,"attributes":null,"allChildren":[]}]}]}],"hGap":0,"shiftY":0,"attributes":null,"allChildren":[{"id":"ID_369887845","nodeText":"left_L4P0000","isHtml":false,"folded":false,"icons":[],"image":null,"link":null,"locked":null,"children":[{"id":"ID_1731394006","nodeText":"left_L5P00000","isHtml":false,"folded":false,"icons":[],"image":null,"link":null,"locked":null,"children":[{"id":"ID_1147936295","nodeText":"left_L6P000000","isHtml":false,"folded":false,"icons":[],"image":null,"link":null,"locked":null,"children":[],"hGap":0,"shiftY":0,"attributes":null,"allChildren":[]}],"hGap":0,"shiftY":0,"attributes":null,"allChildren":[{"id":"ID_1147936295","nodeText":"left_L6P000000","isHtml":false,"folded":false,"icons":[],"image":null,"link":null,"locked":null,"children":[],"hGap":0,"shiftY":0,"attributes":null,"allChildren":[]}]}],"hGap":0,"shiftY":0,"attributes":null,"allChildren":[{"id":"ID_1731394006","nodeText":"left_L5P00000","isHtml":false,"folded":false,"icons":[],"image":null,"link":null,"locked":null,"children":[{"id":"ID_1147936295","nodeText":"left_L6P000000","isHtml":false,"folded":false,"icons":[],"image":null,"link":null,"locked":null,"children":[],"hGap":0,"shiftY":0,"attributes":null,"allChildren":[]}],"hGap":0,"shiftY":0,"attributes":null,"allChildren":[{"id":"ID_1147936295","nodeText":"left_L6P000000","isHtml":false,"folded":false,"icons":[],"image":null,"link":null,"locked":null,"children":[],"hGap":0,"shiftY":0,"attributes":null,"allChildren":[]}]}]}]}]}]},{"id":"ID_505304847","nodeText":"left_L1P1_Fold","isHtml":false,"folded":true,"icons":[],"image":null,"link":null,"locked":null,"children":[{"id":"ID_1994088417","nodeText":"left_L2P10_Folded_WithUn-/FoldedChildren","isHtml":false,"folded":false,"icons":[],"image":null,"link":null,"locked":null,"children":[{"id":"ID_111629229","nodeText":"left_L3P100_Unfolded_WithUnfoldedChildren","isHtml":false,"folded":false,"icons":[],"image":null,"link":null,"locked":null,"children":[{"id":"ID_282423477","nodeText":"left_L4P1000_Unfolded","isHtml":false,"folded":false,"icons":[],"image":null,"link":null,"locked":null,"children":[],"hGap":0,"shiftY":0,"attributes":null,"allChildren":[]},{"id":"ID_1072393331","nodeText":"left_L4P1001_Unfolded","isHtml":false,"folded":false,"icons":[],"image":null,"link":null,"locked":null,"children":[],"hGap":0,"shiftY":0,"attributes":null,"allChildren":[]}],"hGap":0,"shiftY":0,"attributes":null,"allChildren":[{"id":"ID_282423477","nodeText":"left_L4P1000_Unfolded","isHtml":false,"folded":false,"icons":[],"image":null,"link":null,"locked":null,"children":[],"hGap":0,"shiftY":0,"attributes":null,"allChildren":[]},{"id":"ID_1072393331","nodeText":"left_L4P1001_Unfolded","isHtml":false,"folded":false,"icons":[],"image":null,"link":null,"locked":null,"children":[],"hGap":0,"shiftY":0,"attributes":null,"allChildren":[]}]},{"id":"ID_501846187","nodeText":"left_L3P101_Unfolded","isHtml":false,"folded":false,"icons":[],"image":null,"link":null,"locked":null,"children":[],"hGap":0,"shiftY":0,"attributes":null,"allChildren":[]},{"id":"ID_269140428","nodeText":"left_L3P102_Unfolded_WithFoldedChildren","isHtml":false,"folded":true,"icons":[],"image":null,"link":null,"locked":null,"children":[{"id":"ID_855698997","nodeText":"left_L4P1000_Folded","isHtml":false,"folded":false,"icons":[],"image":null,"link":null,"locked":null,"children":[],"hGap":0,"shiftY":0,"attributes":null,"allChildren":[]},{"id":"ID_1928881541","nodeText":"left_L4P1001_Folded","isHtml":false,"folded":false,"icons":[],"image":null,"link":null,"locked":null,"children":[],"hGap":0,"shiftY":0,"attributes":null,"allChildren":[]}],"hGap":0,"shiftY":0,"attributes":null,"allChildren":[{"id":"ID_855698997","nodeText":"left_L4P1000_Folded","isHtml":false,"folded":false,"icons":[],"image":null,"link":null,"locked":null,"children":[],"hGap":0,"shiftY":0,"attributes":null,"allChildren":[]},{"id":"ID_1928881541","nodeText":"left_L4P1001_Folded","isHtml":false,"folded":false,"icons":[],"image":null,"link":null,"locked":null,"children":[],"hGap":0,"shiftY":0,"attributes":null,"allChildren":[]}]}],"hGap":0,"shiftY":0,"attributes":null,"allChildren":[{"id":"ID_111629229","nodeText":"left_L3P100_Unfolded_WithUnfoldedChildren","isHtml":false,"folded":false,"icons":[],"image":null,"link":null,"locked":null,"children":[{"id":"ID_282423477","nodeText":"left_L4P1000_Unfolded","isHtml":false,"folded":false,"icons":[],"image":null,"link":null,"locked":null,"children":[],"hGap":0,"shiftY":0,"attributes":null,"allChildren":[]},{"id":"ID_1072393331","nodeText":"left_L4P1001_Unfolded","isHtml":false,"folded":false,"icons":[],"image":null,"link":null,"locked":null,"children":[],"hGap":0,"shiftY":0,"attributes":null,"allChildren":[]}],"hGap":0,"shiftY":0,"attributes":null,"allChildren":[{"id":"ID_282423477","nodeText":"left_L4P1000_Unfolded","isHtml":false,"folded":false,"icons":[],"image":null,"link":null,"locked":null,"children":[],"hGap":0,"shiftY":0,"attributes":null,"allChildren":[]},{"id":"ID_1072393331","nodeText":"left_L4P1001_Unfolded","isHtml":false,"folded":false,"icons":[],"image":null,"link":null,"locked":null,"children":[],"hGap":0,"shiftY":0,"attributes":null,"allChildren":[]}]},{"id":"ID_501846187","nodeText":"left_L3P101_Unfolded","isHtml":false,"folded":false,"icons":[],"image":null,"link":null,"locked":null,"children":[],"hGap":0,"shiftY":0,"attributes":null,"allChildren":[]},{"id":"ID_269140428","nodeText":"left_L3P102_Unfolded_WithFoldedChildren","isHtml":false,"folded":true,"icons":[],"image":null,"link":null,"locked":null,"children":[{"id":"ID_855698997","nodeText":"left_L4P1000_Folded","isHtml":false,"folded":false,"icons":[],"image":null,"link":null,"locked":null,"children":[],"hGap":0,"shiftY":0,"attributes":null,"allChildren":[]},{"id":"ID_1928881541","nodeText":"left_L4P1001_Folded","isHtml":false,"folded":false,"icons":[],"image":null,"link":null,"locked":null,"children":[],"hGap":0,"shiftY":0,"attributes":null,"allChildren":[]}],"hGap":0,"shiftY":0,"attributes":null,"allChildren":[{"id":"ID_855698997","nodeText":"left_L4P1000_Folded","isHtml":false,"folded":false,"icons":[],"image":null,"link":null,"locked":null,"children":[],"hGap":0,"shiftY":0,"attributes":null,"allChildren":[]},{"id":"ID_1928881541","nodeText":"left_L4P1001_Folded","isHtml":false,"folded":false,"icons":[],"image":null,"link":null,"locked":null,"children":[],"hGap":0,"shiftY":0,"attributes":null,"allChildren":[]}]}]}],"hGap":100,"shiftY":20,"attributes":null,"allChildren":[{"id":"ID_1994088417","nodeText":"left_L2P10_Folded_WithUn-/FoldedChildren","isHtml":false,"folded":false,"icons":[],"image":null,"link":null,"locked":null,"children":[{"id":"ID_111629229","nodeText":"left_L3P100_Unfolded_WithUnfoldedChildren","isHtml":false,"folded":false,"icons":[],"image":null,"link":null,"locked":null,"children":[{"id":"ID_282423477","nodeText":"left_L4P1000_Unfolded","isHtml":false,"folded":false,"icons":[],"image":null,"link":null,"locked":null,"children":[],"hGap":0,"shiftY":0,"attributes":null,"allChildren":[]},{"id":"ID_1072393331","nodeText":"left_L4P1001_Unfolded","isHtml":false,"folded":false,"icons":[],"image":null,"link":null,"locked":null,"children":[],"hGap":0,"shiftY":0,"attributes":null,"allChildren":[]}],"hGap":0,"shiftY":0,"attributes":null,"allChildren":[{"id":"ID_282423477","nodeText":"left_L4P1000_Unfolded","isHtml":false,"folded":false,"icons":[],"image":null,"link":null,"locked":null,"children":[],"hGap":0,"shiftY":0,"attributes":null,"allChildren":[]},{"id":"ID_1072393331","nodeText":"left_L4P1001_Unfolded","isHtml":false,"folded":false,"icons":[],"image":null,"link":null,"locked":null,"children":[],"hGap":0,"shiftY":0,"attributes":null,"allChildren":[]}]},{"id":"ID_501846187","nodeText":"left_L3P101_Unfolded","isHtml":false,"folded":false,"icons":[],"image":null,"link":null,"locked":null,"children":[],"hGap":0,"shiftY":0,"attributes":null,"allChildren":[]},{"id":"ID_269140428","nodeText":"left_L3P102_Unfolded_WithFoldedChildren","isHtml":false,"folded":true,"icons":[],"image":null,"link":null,"locked":null,"children":[{"id":"ID_855698997","nodeText":"left_L4P1000_Folded","isHtml":false,"folded":false,"icons":[],"image":null,"link":null,"locked":null,"children":[],"hGap":0,"shiftY":0,"attributes":null,"allChildren":[]},{"id":"ID_1928881541","nodeText":"left_L4P1001_Folded","isHtml":false,"folded":false,"icons":[],"image":null,"link":null,"locked":null,"children":[],"hGap":0,"shiftY":0,"attributes":null,"allChildren":[]}],"hGap":0,"shiftY":0,"attributes":null,"allChildren":[{"id":"ID_855698997","nodeText":"left_L4P1000_Folded","isHtml":false,"folded":false,"icons":[],"image":null,"link":null,"locked":null,"children":[],"hGap":0,"shiftY":0,"attributes":null,"allChildren":[]},{"id":"ID_1928881541","nodeText":"left_L4P1001_Folded","isHtml":false,"folded":false,"icons":[],"image":null,"link":null,"locked":null,"children":[],"hGap":0,"shiftY":0,"attributes":null,"allChildren":[]}]}],"hGap":0,"shiftY":0,"attributes":null,"allChildren":[{"id":"ID_111629229","nodeText":"left_L3P100_Unfolded_WithUnfoldedChildren","isHtml":false,"folded":false,"icons":[],"image":null,"link":null,"locked":null,"children":[{"id":"ID_282423477","nodeText":"left_L4P1000_Unfolded","isHtml":false,"folded":false,"icons":[],"image":null,"link":null,"locked":null,"children":[],"hGap":0,"shiftY":0,"attributes":null,"allChildren":[]},{"id":"ID_1072393331","nodeText":"left_L4P1001_Unfolded","isHtml":false,"folded":false,"icons":[],"image":null,"link":null,"locked":null,"children":[],"hGap":0,"shiftY":0,"attributes":null,"allChildren":[]}],"hGap":0,"shiftY":0,"attributes":null,"allChildren":[{"id":"ID_282423477","nodeText":"left_L4P1000_Unfolded","isHtml":false,"folded":false,"icons":[],"image":null,"link":null,"locked":null,"children":[],"hGap":0,"shiftY":0,"attributes":null,"allChildren":[]},{"id":"ID_1072393331","nodeText":"left_L4P1001_Unfolded","isHtml":false,"folded":false,"icons":[],"image":null,"link":null,"locked":null,"children":[],"hGap":0,"shiftY":0,"attributes":null,"allChildren":[]}]},{"id":"ID_501846187","nodeText":"left_L3P101_Unfolded","isHtml":false,"folded":false,"icons":[],"image":null,"link":null,"locked":null,"children":[],"hGap":0,"shiftY":0,"attributes":null,"allChildren":[]},{"id":"ID_269140428","nodeText":"left_L3P102_Unfolded_WithFoldedChildren","isHtml":false,"folded":true,"icons":[],"image":null,"link":null,"locked":null,"children":[{"id":"ID_855698997","nodeText":"left_L4P1000_Folded","isHtml":false,"folded":false,"icons":[],"image":null,"link":null,"locked":null,"children":[],"hGap":0,"shiftY":0,"attributes":null,"allChildren":[]},{"id":"ID_1928881541","nodeText":"left_L4P1001_Folded","isHtml":false,"folded":false,"icons":[],"image":null,"link":null,"locked":null,"children":[],"hGap":0,"shiftY":0,"attributes":null,"allChildren":[]}],"hGap":0,"shiftY":0,"attributes":null,"allChildren":[{"id":"ID_855698997","nodeText":"left_L4P1000_Folded","isHtml":false,"folded":false,"icons":[],"image":null,"link":null,"locked":null,"children":[],"hGap":0,"shiftY":0,"attributes":null,"allChildren":[]},{"id":"ID_1928881541","nodeText":"left_L4P1001_Folded","isHtml":false,"folded":false,"icons":[],"image":null,"link":null,"locked":null,"children":[],"hGap":0,"shiftY":0,"attributes":null,"allChildren":[]}]}]}]},{"id":"ID_1657680452","nodeText":"left_L1P2_NodeStyle","isHtml":false,"folded":false,"icons":[],"image":null,"link":null,"locked":null,"children":[{"id":"ID_1355332128","nodeText":"left_L2P20_RootNode","isHtml":false,"folded":false,"icons":[],"image":null,"link":null,"locked":null,"children":[],"hGap":0,"shiftY":0,"attributes":null,"allChildren":[]},{"id":"ID_1139579263","nodeText":"left_L2P21_Level1","isHtml":false,"folded":false,"icons":[],"image":null,"link":null,"locked":null,"children":[],"hGap":0,"shiftY":0,"attributes":null,"allChildren":[]},{"id":"ID_894491244","nodeText":"left_L2P22_Level2","isHtml":false,"folded":false,"icons":[],"image":null,"link":null,"locked":null,"children":[],"hGap":0,"shiftY":0,"attributes":null,"allChildren":[]},{"id":"ID_1514293713","nodeText":"left_L2P23_Details","isHtml":false,"folded":false,"icons":[],"image":null,"link":null,"locked":null,"children":[],"hGap":0,"shiftY":0,"attributes":null,"allChildren":[]},{"id":"ID_594753566","nodeText":"left_L2P24_Important","isHtml":false,"folded":false,"icons":[],"image":null,"link":null,"locked":null,"children":[],"hGap":0,"shiftY":0,"attributes":null,"allChildren":[]}],"hGap":60,"shiftY":90,"attributes":null,"allChildren":[{"id":"ID_1355332128","nodeText":"left_L2P20_RootNode","isHtml":false,"folded":false,"icons":[],"image":null,"link":null,"locked":null,"children":[],"hGap":0,"shiftY":0,"attributes":null,"allChildren":[]},{"id":"ID_1139579263","nodeText":"left_L2P21_Level1","isHtml":false,"folded":false,"icons":[],"image":null,"link":null,"locked":null,"children":[],"hGap":0,"shiftY":0,"attributes":null,"allChildren":[]},{"id":"ID_894491244","nodeText":"left_L2P22_Level2","isHtml":false,"folded":false,"icons":[],"image":null,"link":null,"locked":null,"children":[],"hGap":0,"shiftY":0,"attributes":null,"allChildren":[]},{"id":"ID_1514293713","nodeText":"left_L2P23_Details","isHtml":false,"folded":false,"icons":[],"image":null,"link":null,"locked":null,"children":[],"hGap":0,"shiftY":0,"attributes":null,"allChildren":[]},{"id":"ID_594753566","nodeText":"left_L2P24_Important","isHtml":false,"folded":false,"icons":[],"image":null,"link":null,"locked":null,"children":[],"hGap":0,"shiftY":0,"attributes":null,"allChildren":[]}]},{"id":"ID_1921859689","nodeText":"left_L1P3_Text","isHtml":false,"folded":false,"icons":[],"image":null,"link":null,"locked":null,"children":[{"id":"ID_1724623172","nodeText":"left_L2P30_NormalText","isHtml":false,"folded":false,"icons":[],"image":null,"link":null,"locked":null,"children":[],"hGap":0,"shiftY":0,"attributes":null,"allChildren":[]},{"id":"ID_918586102","nodeText":"<html>\n  <head>\n    \n  </head>\n  <body>\n    <h1>\n      \n    </h1>\n    <p>\n      left_L2P31_HTMLText\n    </p>\n  </body>\n</html>","isHtml":true,"folded":false,"icons":[],"image":null,"link":null,"locked":null,"children":[],"hGap":0,"shiftY":0,"attributes":null,"allChildren":[]}],"hGap":30,"shiftY":90,"attributes":null,"allChildren":[{"id":"ID_1724623172","nodeText":"left_L2P30_NormalText","isHtml":false,"folded":false,"icons":[],"image":null,"link":null,"locked":null,"children":[],"hGap":0,"shiftY":0,"attributes":null,"allChildren":[]},{"id":"ID_918586102","nodeText":"<html>\n  <head>\n    \n  </head>\n  <body>\n    <h1>\n      \n    </h1>\n    <p>\n      left_L2P31_HTMLText\n    </p>\n  </body>\n</html>","isHtml":true,"folded":false,"icons":[],"image":null,"link":null,"locked":null,"children":[],"hGap":0,"shiftY":0,"attributes":null,"allChildren":[]}]}],"rightChildren":[{"id":"ID_1","nodeText":"right_L1P0_Links","isHtml":false,"folded":false,"icons":[],"image":null,"link":null,"locked":null,"children":[{"id":"ID_2","nodeText":"right_L2P00_URL http://www.google.com","isHtml":false,"folded":false,"icons":[],"image":null,"link":"http://www.google.com","locked":null,"children":[],"hGap":0,"shiftY":0,"attributes":null,"allChildren":[]},{"id":"ID_3","nodeText":"right_L2P01_NodeLink_ToParent","isHtml":false,"folded":false,"icons":[],"image":null,"link":"#ID_1","locked":null,"children":[],"hGap":0,"shiftY":0,"attributes":null,"allChildren":[]}],"hGap":70,"shiftY":-160,"attributes":null,"allChildren":[{"id":"ID_2","nodeText":"right_L2P00_URL http://www.google.com","isHtml":false,"folded":false,"icons":[],"image":null,"link":"http://www.google.com","locked":null,"children":[],"hGap":0,"shiftY":0,"attributes":null,"allChildren":[]},{"id":"ID_3","nodeText":"right_L2P01_NodeLink_ToParent","isHtml":false,"folded":false,"icons":[],"image":null,"link":"#ID_1","locked":null,"children":[],"hGap":0,"shiftY":0,"attributes":null,"allChildren":[]}]},{"id":"ID_4","nodeText":"right_L1P1_EdgeStyle","isHtml":false,"folded":false,"icons":[],"image":null,"link":null,"locked":null,"children":[{"id":"ID_5","nodeText":"right_L2P10_sameEdgeStyle","isHtml":false,"folded":false,"icons":[],"image":null,"link":null,"locked":null,"children":[],"hGap":160,"shiftY":0,"attributes":null,"allChildren":[]},{"id":"ID_1694248792","nodeText":"right_L2P11_differentEdgeStyle","isHtml":false,"folded":false,"icons":[],"image":null,"link":null,"locked":null,"children":[],"hGap":150,"shiftY":60,"attributes":null,"allChildren":[]},{"id":"ID_695389559","nodeText":"right_L2P12_differentEdgeWidth","isHtml":false,"folded":false,"icons":[],"image":null,"link":null,"locked":null,"children":[],"hGap":150,"shiftY":60,"attributes":null,"allChildren":[]}],"hGap":0,"shiftY":0,"attributes":null,"allChildren":[{"id":"ID_5","nodeText":"right_L2P10_sameEdgeStyle","isHtml":false,"folded":false,"icons":[],"image":null,"link":null,"locked":null,"children":[],"hGap":160,"shiftY":0,"attributes":null,"allChildren":[]},{"id":"ID_1694248792","nodeText":"right_L2P11_differentEdgeStyle","isHtml":false,"folded":false,"icons":[],"image":null,"link":null,"locked":null,"children":[],"hGap":150,"shiftY":60,"attributes":null,"allChildren":[]},{"id":"ID_695389559","nodeText":"right_L2P12_differentEdgeWidth","isHtml":false,"folded":false,"icons":[],"image":null,"link":null,"locked":null,"children":[],"hGap":150,"shiftY":60,"attributes":null,"allChildren":[]}]},{"id":"ID_1875819033","nodeText":"right_L1P2_Image","isHtml":false,"folded":false,"icons":[],"image":null,"link":null,"locked":null,"children":[{"id":"ID_633666271","nodeText":"right_L2P20_Image_NormalSize","isHtml":false,"folded":false,"icons":[],"image":null,"link":null,"locked":null,"children":[],"hGap":0,"shiftY":0,"attributes":null,"allChildren":[]},{"id":"ID_1952442636","nodeText":"right_L2P21_Image_HalfSize","isHtml":false,"folded":false,"icons":[],"image":null,"link":null,"locked":null,"children":[],"hGap":0,"shiftY":0,"attributes":null,"allChildren":[]}],"hGap":110,"shiftY":90,"attributes":null,"allChildren":[{"id":"ID_633666271","nodeText":"right_L2P20_Image_NormalSize","isHtml":false,"folded":false,"icons":[],"image":null,"link":null,"locked":null,"children":[],"hGap":0,"shiftY":0,"attributes":null,"allChildren":[]},{"id":"ID_1952442636","nodeText":"right_L2P21_Image_HalfSize","isHtml":false,"folded":false,"icons":[],"image":null,"link":null,"locked":null,"children":[],"hGap":0,"shiftY":0,"attributes":null,"allChildren":[]}]},{"id":"ID_1661639564","nodeText":"right_L1P3_Tables","isHtml":false,"folded":false,"icons":[],"image":null,"link":null,"locked":null,"children":[{"id":"ID_1843612913","nodeText":"right_L2P30_NormalTable","isHtml":false,"folded":false,"icons":[],"image":null,"link":null,"locked":null,"children":[],"hGap":0,"shiftY":0,"attributes":{"C0R2_Key":"C1R2_Value","C0R1_Key":"C1R1_Value","C0R0_Key":"C1R0_Value"},"allChildren":[]},{"id":"ID_1531300280","nodeText":"right_L2P31_JabRefTable_WithLinkToPDF","isHtml":false,"folded":false,"icons":[],"image":null,"link":"workspace:/../../../../D:/HTW/docear/../../../literature_repository/Example%20PDFs/Academic%20search%20engine%20spam%20and%20Google%20Scholars%20resilience%20against%20it.pdf","locked":null,"children":[],"hGap":0,"shiftY":0,"attributes":{"journal":"Journal of Electronic Publishing","authors":"{J}oeran {B}eel and {B}ela {G}ipp","title":"{A}cademic search engine spam and {G}oogle {S}cholar's resilience against it","year":"2010","key":"Beel2010"},"allChildren":[]}],"hGap":130,"shiftY":60,"attributes":null,"allChildren":[{"id":"ID_1843612913","nodeText":"right_L2P30_NormalTable","isHtml":false,"folded":false,"icons":[],"image":null,"link":null,"locked":null,"children":[],"hGap":0,"shiftY":0,"attributes":{"C0R2_Key":"C1R2_Value","C0R1_Key":"C1R1_Value","C0R0_Key":"C1R0_Value"},"allChildren":[]},{"id":"ID_1531300280","nodeText":"right_L2P31_JabRefTable_WithLinkToPDF","isHtml":false,"folded":false,"icons":[],"image":null,"link":"workspace:/../../../../D:/HTW/docear/../../../literature_repository/Example%20PDFs/Academic%20search%20engine%20spam%20and%20Google%20Scholars%20resilience%20against%20it.pdf","locked":null,"children":[],"hGap":0,"shiftY":0,"attributes":{"journal":"Journal of Electronic Publishing","authors":"{J}oeran {B}eel and {B}ela {G}ipp","title":"{A}cademic search engine spam and {G}oogle {S}cholar's resilience against it","year":"2010","key":"Beel2010"},"allChildren":[]}]}],"allChildren":[{"id":"ID_1395002523","nodeText":"left_L1P0_TreeDepth_5Children","isHtml":false,"folded":false,"icons":[],"image":null,"link":null,"locked":null,"children":[{"id":"ID_1384944366","nodeText":"left_L2P00","isHtml":false,"folded":false,"icons":[],"image":null,"link":null,"locked":null,"children":[{"id":"ID_1886685557","nodeText":"left_L3P000","isHtml":false,"folded":false,"icons":[],"image":null,"link":null,"locked":null,"children":[{"id":"ID_369887845","nodeText":"left_L4P0000","isHtml":false,"folded":false,"icons":[],"image":null,"link":null,"locked":null,"children":[{"id":"ID_1731394006","nodeText":"left_L5P00000","isHtml":false,"folded":false,"icons":[],"image":null,"link":null,"locked":null,"children":[{"id":"ID_1147936295","nodeText":"left_L6P000000","isHtml":false,"folded":false,"icons":[],"image":null,"link":null,"locked":null,"children":[],"hGap":0,"shiftY":0,"attributes":null,"allChildren":[]}],"hGap":0,"shiftY":0,"attributes":null,"allChildren":[{"id":"ID_1147936295","nodeText":"left_L6P000000","isHtml":false,"folded":false,"icons":[],"image":null,"link":null,"locked":null,"children":[],"hGap":0,"shiftY":0,"attributes":null,"allChildren":[]}]}],"hGap":0,"shiftY":0,"attributes":null,"allChildren":[{"id":"ID_1731394006","nodeText":"left_L5P00000","isHtml":false,"folded":false,"icons":[],"image":null,"link":null,"locked":null,"children":[{"id":"ID_1147936295","nodeText":"left_L6P000000","isHtml":false,"folded":false,"icons":[],"image":null,"link":null,"locked":null,"children":[],"hGap":0,"shiftY":0,"attributes":null,"allChildren":[]}],"hGap":0,"shiftY":0,"attributes":null,"allChildren":[{"id":"ID_1147936295","nodeText":"left_L6P000000","isHtml":false,"folded":false,"icons":[],"image":null,"link":null,"locked":null,"children":[],"hGap":0,"shiftY":0,"attributes":null,"allChildren":[]}]}]}],"hGap":0,"shiftY":0,"attributes":null,"allChildren":[{"id":"ID_369887845","nodeText":"left_L4P0000","isHtml":false,"folded":false,"icons":[],"image":null,"link":null,"locked":null,"children":[{"id":"ID_1731394006","nodeText":"left_L5P00000","isHtml":false,"folded":false,"icons":[],"image":null,"link":null,"locked":null,"children":[{"id":"ID_1147936295","nodeText":"left_L6P000000","isHtml":false,"folded":false,"icons":[],"image":null,"link":null,"locked":null,"children":[],"hGap":0,"shiftY":0,"attributes":null,"allChildren":[]}],"hGap":0,"shiftY":0,"attributes":null,"allChildren":[{"id":"ID_1147936295","nodeText":"left_L6P000000","isHtml":false,"folded":false,"icons":[],"image":null,"link":null,"locked":null,"children":[],"hGap":0,"shiftY":0,"attributes":null,"allChildren":[]}]}],"hGap":0,"shiftY":0,"attributes":null,"allChildren":[{"id":"ID_1731394006","nodeText":"left_L5P00000","isHtml":false,"folded":false,"icons":[],"image":null,"link":null,"locked":null,"children":[{"id":"ID_1147936295","nodeText":"left_L6P000000","isHtml":false,"folded":false,"icons":[],"image":null,"link":null,"locked":null,"children":[],"hGap":0,"shiftY":0,"attributes":null,"allChildren":[]}],"hGap":0,"shiftY":0,"attributes":null,"allChildren":[{"id":"ID_1147936295","nodeText":"left_L6P000000","isHtml":false,"folded":false,"icons":[],"image":null,"link":null,"locked":null,"children":[],"hGap":0,"shiftY":0,"attributes":null,"allChildren":[]}]}]}]}],"hGap":0,"shiftY":0,"attributes":null,"allChildren":[{"id":"ID_1886685557","nodeText":"left_L3P000","isHtml":false,"folded":false,"icons":[],"image":null,"link":null,"locked":null,"children":[{"id":"ID_369887845","nodeText":"left_L4P0000","isHtml":false,"folded":false,"icons":[],"image":null,"link":null,"locked":null,"children":[{"id":"ID_1731394006","nodeText":"left_L5P00000","isHtml":false,"folded":false,"icons":[],"image":null,"link":null,"locked":null,"children":[{"id":"ID_1147936295","nodeText":"left_L6P000000","isHtml":false,"folded":false,"icons":[],"image":null,"link":null,"locked":null,"children":[],"hGap":0,"shiftY":0,"attributes":null,"allChildren":[]}],"hGap":0,"shiftY":0,"attributes":null,"allChildren":[{"id":"ID_1147936295","nodeText":"left_L6P000000","isHtml":false,"folded":false,"icons":[],"image":null,"link":null,"locked":null,"children":[],"hGap":0,"shiftY":0,"attributes":null,"allChildren":[]}]}],"hGap":0,"shiftY":0,"attributes":null,"allChildren":[{"id":"ID_1731394006","nodeText":"left_L5P00000","isHtml":false,"folded":false,"icons":[],"image":null,"link":null,"locked":null,"children":[{"id":"ID_1147936295","nodeText":"left_L6P000000","isHtml":false,"folded":false,"icons":[],"image":null,"link":null,"locked":null,"children":[],"hGap":0,"shiftY":0,"attributes":null,"allChildren":[]}],"hGap":0,"shiftY":0,"attributes":null,"allChildren":[{"id":"ID_1147936295","nodeText":"left_L6P000000","isHtml":false,"folded":false,"icons":[],"image":null,"link":null,"locked":null,"children":[],"hGap":0,"shiftY":0,"attributes":null,"allChildren":[]}]}]}],"hGap":0,"shiftY":0,"attributes":null,"allChildren":[{"id":"ID_369887845","nodeText":"left_L4P0000","isHtml":false,"folded":false,"icons":[],"image":null,"link":null,"locked":null,"children":[{"id":"ID_1731394006","nodeText":"left_L5P00000","isHtml":false,"folded":false,"icons":[],"image":null,"link":null,"locked":null,"children":[{"id":"ID_1147936295","nodeText":"left_L6P000000","isHtml":false,"folded":false,"icons":[],"image":null,"link":null,"locked":null,"children":[],"hGap":0,"shiftY":0,"attributes":null,"allChildren":[]}],"hGap":0,"shiftY":0,"attributes":null,"allChildren":[{"id":"ID_1147936295","nodeText":"left_L6P000000","isHtml":false,"folded":false,"icons":[],"image":null,"link":null,"locked":null,"children":[],"hGap":0,"shiftY":0,"attributes":null,"allChildren":[]}]}],"hGap":0,"shiftY":0,"attributes":null,"allChildren":[{"id":"ID_1731394006","nodeText":"left_L5P00000","isHtml":false,"folded":false,"icons":[],"image":null,"link":null,"locked":null,"children":[{"id":"ID_1147936295","nodeText":"left_L6P000000","isHtml":false,"folded":false,"icons":[],"image":null,"link":null,"locked":null,"children":[],"hGap":0,"shiftY":0,"attributes":null,"allChildren":[]}],"hGap":0,"shiftY":0,"attributes":null,"allChildren":[{"id":"ID_1147936295","nodeText":"left_L6P000000","isHtml":false,"folded":false,"icons":[],"image":null,"link":null,"locked":null,"children":[],"hGap":0,"shiftY":0,"attributes":null,"allChildren":[]}]}]}]}]}],"hGap":80,"shiftY":-90,"attributes":null,"allChildren":[{"id":"ID_1384944366","nodeText":"left_L2P00","isHtml":false,"folded":false,"icons":[],"image":null,"link":null,"locked":null,"children":[{"id":"ID_1886685557","nodeText":"left_L3P000","isHtml":false,"folded":false,"icons":[],"image":null,"link":null,"locked":null,"children":[{"id":"ID_369887845","nodeText":"left_L4P0000","isHtml":false,"folded":false,"icons":[],"image":null,"link":null,"locked":null,"children":[{"id":"ID_1731394006","nodeText":"left_L5P00000","isHtml":false,"folded":false,"icons":[],"image":null,"link":null,"locked":null,"children":[{"id":"ID_1147936295","nodeText":"left_L6P000000","isHtml":false,"folded":false,"icons":[],"image":null,"link":null,"locked":null,"children":[],"hGap":0,"shiftY":0,"attributes":null,"allChildren":[]}],"hGap":0,"shiftY":0,"attributes":null,"allChildren":[{"id":"ID_1147936295","nodeText":"left_L6P000000","isHtml":false,"folded":false,"icons":[],"image":null,"link":null,"locked":null,"children":[],"hGap":0,"shiftY":0,"attributes":null,"allChildren":[]}]}],"hGap":0,"shiftY":0,"attributes":null,"allChildren":[{"id":"ID_1731394006","nodeText":"left_L5P00000","isHtml":false,"folded":false,"icons":[],"image":null,"link":null,"locked":null,"children":[{"id":"ID_1147936295","nodeText":"left_L6P000000","isHtml":false,"folded":false,"icons":[],"image":null,"link":null,"locked":null,"children":[],"hGap":0,"shiftY":0,"attributes":null,"allChildren":[]}],"hGap":0,"shiftY":0,"attributes":null,"allChildren":[{"id":"ID_1147936295","nodeText":"left_L6P000000","isHtml":false,"folded":false,"icons":[],"image":null,"link":null,"locked":null,"children":[],"hGap":0,"shiftY":0,"attributes":null,"allChildren":[]}]}]}],"hGap":0,"shiftY":0,"attributes":null,"allChildren":[{"id":"ID_369887845","nodeText":"left_L4P0000","isHtml":false,"folded":false,"icons":[],"image":null,"link":null,"locked":null,"children":[{"id":"ID_1731394006","nodeText":"left_L5P00000","isHtml":false,"folded":false,"icons":[],"image":null,"link":null,"locked":null,"children":[{"id":"ID_1147936295","nodeText":"left_L6P000000","isHtml":false,"folded":false,"icons":[],"image":null,"link":null,"locked":null,"children":[],"hGap":0,"shiftY":0,"attributes":null,"allChildren":[]}],"hGap":0,"shiftY":0,"attributes":null,"allChildren":[{"id":"ID_1147936295","nodeText":"left_L6P000000","isHtml":false,"folded":false,"icons":[],"image":null,"link":null,"locked":null,"children":[],"hGap":0,"shiftY":0,"attributes":null,"allChildren":[]}]}],"hGap":0,"shiftY":0,"attributes":null,"allChildren":[{"id":"ID_1731394006","nodeText":"left_L5P00000","isHtml":false,"folded":false,"icons":[],"image":null,"link":null,"locked":null,"children":[{"id":"ID_1147936295","nodeText":"left_L6P000000","isHtml":false,"folded":false,"icons":[],"image":null,"link":null,"locked":null,"children":[],"hGap":0,"shiftY":0,"attributes":null,"allChildren":[]}],"hGap":0,"shiftY":0,"attributes":null,"allChildren":[{"id":"ID_1147936295","nodeText":"left_L6P000000","isHtml":false,"folded":false,"icons":[],"image":null,"link":null,"locked":null,"children":[],"hGap":0,"shiftY":0,"attributes":null,"allChildren":[]}]}]}]}],"hGap":0,"shiftY":0,"attributes":null,"allChildren":[{"id":"ID_1886685557","nodeText":"left_L3P000","isHtml":false,"folded":false,"icons":[],"image":null,"link":null,"locked":null,"children":[{"id":"ID_369887845","nodeText":"left_L4P0000","isHtml":false,"folded":false,"icons":[],"image":null,"link":null,"locked":null,"children":[{"id":"ID_1731394006","nodeText":"left_L5P00000","isHtml":false,"folded":false,"icons":[],"image":null,"link":null,"locked":null,"children":[{"id":"ID_1147936295","nodeText":"left_L6P000000","isHtml":false,"folded":false,"icons":[],"image":null,"link":null,"locked":null,"children":[],"hGap":0,"shiftY":0,"attributes":null,"allChildren":[]}],"hGap":0,"shiftY":0,"attributes":null,"allChildren":[{"id":"ID_1147936295","nodeText":"left_L6P000000","isHtml":false,"folded":false,"icons":[],"image":null,"link":null,"locked":null,"children":[],"hGap":0,"shiftY":0,"attributes":null,"allChildren":[]}]}],"hGap":0,"shiftY":0,"attributes":null,"allChildren":[{"id":"ID_1731394006","nodeText":"left_L5P00000","isHtml":false,"folded":false,"icons":[],"image":null,"link":null,"locked":null,"children":[{"id":"ID_1147936295","nodeText":"left_L6P000000","isHtml":false,"folded":false,"icons":[],"image":null,"link":null,"locked":null,"children":[],"hGap":0,"shiftY":0,"attributes":null,"allChildren":[]}],"hGap":0,"shiftY":0,"attributes":null,"allChildren":[{"id":"ID_1147936295","nodeText":"left_L6P000000","isHtml":false,"folded":false,"icons":[],"image":null,"link":null,"locked":null,"children":[],"hGap":0,"shiftY":0,"attributes":null,"allChildren":[]}]}]}],"hGap":0,"shiftY":0,"attributes":null,"allChildren":[{"id":"ID_369887845","nodeText":"left_L4P0000","isHtml":false,"folded":false,"icons":[],"image":null,"link":null,"locked":null,"children":[{"id":"ID_1731394006","nodeText":"left_L5P00000","isHtml":false,"folded":false,"icons":[],"image":null,"link":null,"locked":null,"children":[{"id":"ID_1147936295","nodeText":"left_L6P000000","isHtml":false,"folded":false,"icons":[],"image":null,"link":null,"locked":null,"children":[],"hGap":0,"shiftY":0,"attributes":null,"allChildren":[]}],"hGap":0,"shiftY":0,"attributes":null,"allChildren":[{"id":"ID_1147936295","nodeText":"left_L6P000000","isHtml":false,"folded":false,"icons":[],"image":null,"link":null,"locked":null,"children":[],"hGap":0,"shiftY":0,"attributes":null,"allChildren":[]}]}],"hGap":0,"shiftY":0,"attributes":null,"allChildren":[{"id":"ID_1731394006","nodeText":"left_L5P00000","isHtml":false,"folded":false,"icons":[],"image":null,"link":null,"locked":null,"children":[{"id":"ID_1147936295","nodeText":"left_L6P000000","isHtml":false,"folded":false,"icons":[],"image":null,"link":null,"locked":null,"children":[],"hGap":0,"shiftY":0,"attributes":null,"allChildren":[]}],"hGap":0,"shiftY":0,"attributes":null,"allChildren":[{"id":"ID_1147936295","nodeText":"left_L6P000000","isHtml":false,"folded":false,"icons":[],"image":null,"link":null,"locked":null,"children":[],"hGap":0,"shiftY":0,"attributes":null,"allChildren":[]}]}]}]}]}]},{"id":"ID_505304847","nodeText":"left_L1P1_Fold","isHtml":false,"folded":true,"icons":[],"image":null,"link":null,"locked":null,"children":[{"id":"ID_1994088417","nodeText":"left_L2P10_Folded_WithUn-/FoldedChildren","isHtml":false,"folded":false,"icons":[],"image":null,"link":null,"locked":null,"children":[{"id":"ID_111629229","nodeText":"left_L3P100_Unfolded_WithUnfoldedChildren","isHtml":false,"folded":false,"icons":[],"image":null,"link":null,"locked":null,"children":[{"id":"ID_282423477","nodeText":"left_L4P1000_Unfolded","isHtml":false,"folded":false,"icons":[],"image":null,"link":null,"locked":null,"children":[],"hGap":0,"shiftY":0,"attributes":null,"allChildren":[]},{"id":"ID_1072393331","nodeText":"left_L4P1001_Unfolded","isHtml":false,"folded":false,"icons":[],"image":null,"link":null,"locked":null,"children":[],"hGap":0,"shiftY":0,"attributes":null,"allChildren":[]}],"hGap":0,"shiftY":0,"attributes":null,"allChildren":[{"id":"ID_282423477","nodeText":"left_L4P1000_Unfolded","isHtml":false,"folded":false,"icons":[],"image":null,"link":null,"locked":null,"children":[],"hGap":0,"shiftY":0,"attributes":null,"allChildren":[]},{"id":"ID_1072393331","nodeText":"left_L4P1001_Unfolded","isHtml":false,"folded":false,"icons":[],"image":null,"link":null,"locked":null,"children":[],"hGap":0,"shiftY":0,"attributes":null,"allChildren":[]}]},{"id":"ID_501846187","nodeText":"left_L3P101_Unfolded","isHtml":false,"folded":false,"icons":[],"image":null,"link":null,"locked":null,"children":[],"hGap":0,"shiftY":0,"attributes":null,"allChildren":[]},{"id":"ID_269140428","nodeText":"left_L3P102_Unfolded_WithFoldedChildren","isHtml":false,"folded":true,"icons":[],"image":null,"link":null,"locked":null,"children":[{"id":"ID_855698997","nodeText":"left_L4P1000_Folded","isHtml":false,"folded":false,"icons":[],"image":null,"link":null,"locked":null,"children":[],"hGap":0,"shiftY":0,"attributes":null,"allChildren":[]},{"id":"ID_1928881541","nodeText":"left_L4P1001_Folded","isHtml":false,"folded":false,"icons":[],"image":null,"link":null,"locked":null,"children":[],"hGap":0,"shiftY":0,"attributes":null,"allChildren":[]}],"hGap":0,"shiftY":0,"attributes":null,"allChildren":[{"id":"ID_855698997","nodeText":"left_L4P1000_Folded","isHtml":false,"folded":false,"icons":[],"image":null,"link":null,"locked":null,"children":[],"hGap":0,"shiftY":0,"attributes":null,"allChildren":[]},{"id":"ID_1928881541","nodeText":"left_L4P1001_Folded","isHtml":false,"folded":false,"icons":[],"image":null,"link":null,"locked":null,"children":[],"hGap":0,"shiftY":0,"attributes":null,"allChildren":[]}]}],"hGap":0,"shiftY":0,"attributes":null,"allChildren":[{"id":"ID_111629229","nodeText":"left_L3P100_Unfolded_WithUnfoldedChildren","isHtml":false,"folded":false,"icons":[],"image":null,"link":null,"locked":null,"children":[{"id":"ID_282423477","nodeText":"left_L4P1000_Unfolded","isHtml":false,"folded":false,"icons":[],"image":null,"link":null,"locked":null,"children":[],"hGap":0,"shiftY":0,"attributes":null,"allChildren":[]},{"id":"ID_1072393331","nodeText":"left_L4P1001_Unfolded","isHtml":false,"folded":false,"icons":[],"image":null,"link":null,"locked":null,"children":[],"hGap":0,"shiftY":0,"attributes":null,"allChildren":[]}],"hGap":0,"shiftY":0,"attributes":null,"allChildren":[{"id":"ID_282423477","nodeText":"left_L4P1000_Unfolded","isHtml":false,"folded":false,"icons":[],"image":null,"link":null,"locked":null,"children":[],"hGap":0,"shiftY":0,"attributes":null,"allChildren":[]},{"id":"ID_1072393331","nodeText":"left_L4P1001_Unfolded","isHtml":false,"folded":false,"icons":[],"image":null,"link":null,"locked":null,"children":[],"hGap":0,"shiftY":0,"attributes":null,"allChildren":[]}]},{"id":"ID_501846187","nodeText":"left_L3P101_Unfolded","isHtml":false,"folded":false,"icons":[],"image":null,"link":null,"locked":null,"children":[],"hGap":0,"shiftY":0,"attributes":null,"allChildren":[]},{"id":"ID_269140428","nodeText":"left_L3P102_Unfolded_WithFoldedChildren","isHtml":false,"folded":true,"icons":[],"image":null,"link":null,"locked":null,"children":[{"id":"ID_855698997","nodeText":"left_L4P1000_Folded","isHtml":false,"folded":false,"icons":[],"image":null,"link":null,"locked":null,"children":[],"hGap":0,"shiftY":0,"attributes":null,"allChildren":[]},{"id":"ID_1928881541","nodeText":"left_L4P1001_Folded","isHtml":false,"folded":false,"icons":[],"image":null,"link":null,"locked":null,"children":[],"hGap":0,"shiftY":0,"attributes":null,"allChildren":[]}],"hGap":0,"shiftY":0,"attributes":null,"allChildren":[{"id":"ID_855698997","nodeText":"left_L4P1000_Folded","isHtml":false,"folded":false,"icons":[],"image":null,"link":null,"locked":null,"children":[],"hGap":0,"shiftY":0,"attributes":null,"allChildren":[]},{"id":"ID_1928881541","nodeText":"left_L4P1001_Folded","isHtml":false,"folded":false,"icons":[],"image":null,"link":null,"locked":null,"children":[],"hGap":0,"shiftY":0,"attributes":null,"allChildren":[]}]}]}],"hGap":100,"shiftY":20,"attributes":null,"allChildren":[{"id":"ID_1994088417","nodeText":"left_L2P10_Folded_WithUn-/FoldedChildren","isHtml":false,"folded":false,"icons":[],"image":null,"link":null,"locked":null,"children":[{"id":"ID_111629229","nodeText":"left_L3P100_Unfolded_WithUnfoldedChildren","isHtml":false,"folded":false,"icons":[],"image":null,"link":null,"locked":null,"children":[{"id":"ID_282423477","nodeText":"left_L4P1000_Unfolded","isHtml":false,"folded":false,"icons":[],"image":null,"link":null,"locked":null,"children":[],"hGap":0,"shiftY":0,"attributes":null,"allChildren":[]},{"id":"ID_1072393331","nodeText":"left_L4P1001_Unfolded","isHtml":false,"folded":false,"icons":[],"image":null,"link":null,"locked":null,"children":[],"hGap":0,"shiftY":0,"attributes":null,"allChildren":[]}],"hGap":0,"shiftY":0,"attributes":null,"allChildren":[{"id":"ID_282423477","nodeText":"left_L4P1000_Unfolded","isHtml":false,"folded":false,"icons":[],"image":null,"link":null,"locked":null,"children":[],"hGap":0,"shiftY":0,"attributes":null,"allChildren":[]},{"id":"ID_1072393331","nodeText":"left_L4P1001_Unfolded","isHtml":false,"folded":false,"icons":[],"image":null,"link":null,"locked":null,"children":[],"hGap":0,"shiftY":0,"attributes":null,"allChildren":[]}]},{"id":"ID_501846187","nodeText":"left_L3P101_Unfolded","isHtml":false,"folded":false,"icons":[],"image":null,"link":null,"locked":null,"children":[],"hGap":0,"shiftY":0,"attributes":null,"allChildren":[]},{"id":"ID_269140428","nodeText":"left_L3P102_Unfolded_WithFoldedChildren","isHtml":false,"folded":true,"icons":[],"image":null,"link":null,"locked":null,"children":[{"id":"ID_855698997","nodeText":"left_L4P1000_Folded","isHtml":false,"folded":false,"icons":[],"image":null,"link":null,"locked":null,"children":[],"hGap":0,"shiftY":0,"attributes":null,"allChildren":[]},{"id":"ID_1928881541","nodeText":"left_L4P1001_Folded","isHtml":false,"folded":false,"icons":[],"image":null,"link":null,"locked":null,"children":[],"hGap":0,"shiftY":0,"attributes":null,"allChildren":[]}],"hGap":0,"shiftY":0,"attributes":null,"allChildren":[{"id":"ID_855698997","nodeText":"left_L4P1000_Folded","isHtml":false,"folded":false,"icons":[],"image":null,"link":null,"locked":null,"children":[],"hGap":0,"shiftY":0,"attributes":null,"allChildren":[]},{"id":"ID_1928881541","nodeText":"left_L4P1001_Folded","isHtml":false,"folded":false,"icons":[],"image":null,"link":null,"locked":null,"children":[],"hGap":0,"shiftY":0,"attributes":null,"allChildren":[]}]}],"hGap":0,"shiftY":0,"attributes":null,"allChildren":[{"id":"ID_111629229","nodeText":"left_L3P100_Unfolded_WithUnfoldedChildren","isHtml":false,"folded":false,"icons":[],"image":null,"link":null,"locked":null,"children":[{"id":"ID_282423477","nodeText":"left_L4P1000_Unfolded","isHtml":false,"folded":false,"icons":[],"image":null,"link":null,"locked":null,"children":[],"hGap":0,"shiftY":0,"attributes":null,"allChildren":[]},{"id":"ID_1072393331","nodeText":"left_L4P1001_Unfolded","isHtml":false,"folded":false,"icons":[],"image":null,"link":null,"locked":null,"children":[],"hGap":0,"shiftY":0,"attributes":null,"allChildren":[]}],"hGap":0,"shiftY":0,"attributes":null,"allChildren":[{"id":"ID_282423477","nodeText":"left_L4P1000_Unfolded","isHtml":false,"folded":false,"icons":[],"image":null,"link":null,"locked":null,"children":[],"hGap":0,"shiftY":0,"attributes":null,"allChildren":[]},{"id":"ID_1072393331","nodeText":"left_L4P1001_Unfolded","isHtml":false,"folded":false,"icons":[],"image":null,"link":null,"locked":null,"children":[],"hGap":0,"shiftY":0,"attributes":null,"allChildren":[]}]},{"id":"ID_501846187","nodeText":"left_L3P101_Unfolded","isHtml":false,"folded":false,"icons":[],"image":null,"link":null,"locked":null,"children":[],"hGap":0,"shiftY":0,"attributes":null,"allChildren":[]},{"id":"ID_269140428","nodeText":"left_L3P102_Unfolded_WithFoldedChildren","isHtml":false,"folded":true,"icons":[],"image":null,"link":null,"locked":null,"children":[{"id":"ID_855698997","nodeText":"left_L4P1000_Folded","isHtml":false,"folded":false,"icons":[],"image":null,"link":null,"locked":null,"children":[],"hGap":0,"shiftY":0,"attributes":null,"allChildren":[]},{"id":"ID_1928881541","nodeText":"left_L4P1001_Folded","isHtml":false,"folded":false,"icons":[],"image":null,"link":null,"locked":null,"children":[],"hGap":0,"shiftY":0,"attributes":null,"allChildren":[]}],"hGap":0,"shiftY":0,"attributes":null,"allChildren":[{"id":"ID_855698997","nodeText":"left_L4P1000_Folded","isHtml":false,"folded":false,"icons":[],"image":null,"link":null,"locked":null,"children":[],"hGap":0,"shiftY":0,"attributes":null,"allChildren":[]},{"id":"ID_1928881541","nodeText":"left_L4P1001_Folded","isHtml":false,"folded":false,"icons":[],"image":null,"link":null,"locked":null,"children":[],"hGap":0,"shiftY":0,"attributes":null,"allChildren":[]}]}]}]},{"id":"ID_1657680452","nodeText":"left_L1P2_NodeStyle","isHtml":false,"folded":false,"icons":[],"image":null,"link":null,"locked":null,"children":[{"id":"ID_1355332128","nodeText":"left_L2P20_RootNode","isHtml":false,"folded":false,"icons":[],"image":null,"link":null,"locked":null,"children":[],"hGap":0,"shiftY":0,"attributes":null,"allChildren":[]},{"id":"ID_1139579263","nodeText":"left_L2P21_Level1","isHtml":false,"folded":false,"icons":[],"image":null,"link":null,"locked":null,"children":[],"hGap":0,"shiftY":0,"attributes":null,"allChildren":[]},{"id":"ID_894491244","nodeText":"left_L2P22_Level2","isHtml":false,"folded":false,"icons":[],"image":null,"link":null,"locked":null,"children":[],"hGap":0,"shiftY":0,"attributes":null,"allChildren":[]},{"id":"ID_1514293713","nodeText":"left_L2P23_Details","isHtml":false,"folded":false,"icons":[],"image":null,"link":null,"locked":null,"children":[],"hGap":0,"shiftY":0,"attributes":null,"allChildren":[]},{"id":"ID_594753566","nodeText":"left_L2P24_Important","isHtml":false,"folded":false,"icons":[],"image":null,"link":null,"locked":null,"children":[],"hGap":0,"shiftY":0,"attributes":null,"allChildren":[]}],"hGap":60,"shiftY":90,"attributes":null,"allChildren":[{"id":"ID_1355332128","nodeText":"left_L2P20_RootNode","isHtml":false,"folded":false,"icons":[],"image":null,"link":null,"locked":null,"children":[],"hGap":0,"shiftY":0,"attributes":null,"allChildren":[]},{"id":"ID_1139579263","nodeText":"left_L2P21_Level1","isHtml":false,"folded":false,"icons":[],"image":null,"link":null,"locked":null,"children":[],"hGap":0,"shiftY":0,"attributes":null,"allChildren":[]},{"id":"ID_894491244","nodeText":"left_L2P22_Level2","isHtml":false,"folded":false,"icons":[],"image":null,"link":null,"locked":null,"children":[],"hGap":0,"shiftY":0,"attributes":null,"allChildren":[]},{"id":"ID_1514293713","nodeText":"left_L2P23_Details","isHtml":false,"folded":false,"icons":[],"image":null,"link":null,"locked":null,"children":[],"hGap":0,"shiftY":0,"attributes":null,"allChildren":[]},{"id":"ID_594753566","nodeText":"left_L2P24_Important","isHtml":false,"folded":false,"icons":[],"image":null,"link":null,"locked":null,"children":[],"hGap":0,"shiftY":0,"attributes":null,"allChildren":[]}]},{"id":"ID_1921859689","nodeText":"left_L1P3_Text","isHtml":false,"folded":false,"icons":[],"image":null,"link":null,"locked":null,"children":[{"id":"ID_1724623172","nodeText":"left_L2P30_NormalText","isHtml":false,"folded":false,"icons":[],"image":null,"link":null,"locked":null,"children":[],"hGap":0,"shiftY":0,"attributes":null,"allChildren":[]},{"id":"ID_918586102","nodeText":"<html>\n  <head>\n    \n  </head>\n  <body>\n    <h1>\n      \n    </h1>\n    <p>\n      left_L2P31_HTMLText\n    </p>\n  </body>\n</html>","isHtml":true,"folded":false,"icons":[],"image":null,"link":null,"locked":null,"children":[],"hGap":0,"shiftY":0,"attributes":null,"allChildren":[]}],"hGap":30,"shiftY":90,"attributes":null,"allChildren":[{"id":"ID_1724623172","nodeText":"left_L2P30_NormalText","isHtml":false,"folded":false,"icons":[],"image":null,"link":null,"locked":null,"children":[],"hGap":0,"shiftY":0,"attributes":null,"allChildren":[]},{"id":"ID_918586102","nodeText":"<html>\n  <head>\n    \n  </head>\n  <body>\n    <h1>\n      \n    </h1>\n    <p>\n      left_L2P31_HTMLText\n    </p>\n  </body>\n</html>","isHtml":true,"folded":false,"icons":[],"image":null,"link":null,"locked":null,"children":[],"hGap":0,"shiftY":0,"attributes":null,"allChildren":[]}]},{"id":"ID_1","nodeText":"right_L1P0_Links","isHtml":false,"folded":false,"icons":[],"image":null,"link":null,"locked":null,"children":[{"id":"ID_2","nodeText":"right_L2P00_URL http://www.google.com","isHtml":false,"folded":false,"icons":[],"image":null,"link":"http://www.google.com","locked":null,"children":[],"hGap":0,"shiftY":0,"attributes":null,"allChildren":[]},{"id":"ID_3","nodeText":"right_L2P01_NodeLink_ToParent","isHtml":false,"folded":false,"icons":[],"image":null,"link":"#ID_1","locked":null,"children":[],"hGap":0,"shiftY":0,"attributes":null,"allChildren":[]}],"hGap":70,"shiftY":-160,"attributes":null,"allChildren":[{"id":"ID_2","nodeText":"right_L2P00_URL http://www.google.com","isHtml":false,"folded":false,"icons":[],"image":null,"link":"http://www.google.com","locked":null,"children":[],"hGap":0,"shiftY":0,"attributes":null,"allChildren":[]},{"id":"ID_3","nodeText":"right_L2P01_NodeLink_ToParent","isHtml":false,"folded":false,"icons":[],"image":null,"link":"#ID_1","locked":null,"children":[],"hGap":0,"shiftY":0,"attributes":null,"allChildren":[]}]},{"id":"ID_4","nodeText":"right_L1P1_EdgeStyle","isHtml":false,"folded":false,"icons":[],"image":null,"link":null,"locked":null,"children":[{"id":"ID_5","nodeText":"right_L2P10_sameEdgeStyle","isHtml":false,"folded":false,"icons":[],"image":null,"link":null,"locked":null,"children":[],"hGap":160,"shiftY":0,"attributes":null,"allChildren":[]},{"id":"ID_1694248792","nodeText":"right_L2P11_differentEdgeStyle","isHtml":false,"folded":false,"icons":[],"image":null,"link":null,"locked":null,"children":[],"hGap":150,"shiftY":60,"attributes":null,"allChildren":[]},{"id":"ID_695389559","nodeText":"right_L2P12_differentEdgeWidth","isHtml":false,"folded":false,"icons":[],"image":null,"link":null,"locked":null,"children":[],"hGap":150,"shiftY":60,"attributes":null,"allChildren":[]}],"hGap":0,"shiftY":0,"attributes":null,"allChildren":[{"id":"ID_5","nodeText":"right_L2P10_sameEdgeStyle","isHtml":false,"folded":false,"icons":[],"image":null,"link":null,"locked":null,"children":[],"hGap":160,"shiftY":0,"attributes":null,"allChildren":[]},{"id":"ID_1694248792","nodeText":"right_L2P11_differentEdgeStyle","isHtml":false,"folded":false,"icons":[],"image":null,"link":null,"locked":null,"children":[],"hGap":150,"shiftY":60,"attributes":null,"allChildren":[]},{"id":"ID_695389559","nodeText":"right_L2P12_differentEdgeWidth","isHtml":false,"folded":false,"icons":[],"image":null,"link":null,"locked":null,"children":[],"hGap":150,"shiftY":60,"attributes":null,"allChildren":[]}]},{"id":"ID_1875819033","nodeText":"right_L1P2_Image","isHtml":false,"folded":false,"icons":[],"image":null,"link":null,"locked":null,"children":[{"id":"ID_633666271","nodeText":"right_L2P20_Image_NormalSize","isHtml":false,"folded":false,"icons":[],"image":null,"link":null,"locked":null,"children":[],"hGap":0,"shiftY":0,"attributes":null,"allChildren":[]},{"id":"ID_1952442636","nodeText":"right_L2P21_Image_HalfSize","isHtml":false,"folded":false,"icons":[],"image":null,"link":null,"locked":null,"children":[],"hGap":0,"shiftY":0,"attributes":null,"allChildren":[]}],"hGap":110,"shiftY":90,"attributes":null,"allChildren":[{"id":"ID_633666271","nodeText":"right_L2P20_Image_NormalSize","isHtml":false,"folded":false,"icons":[],"image":null,"link":null,"locked":null,"children":[],"hGap":0,"shiftY":0,"attributes":null,"allChildren":[]},{"id":"ID_1952442636","nodeText":"right_L2P21_Image_HalfSize","isHtml":false,"folded":false,"icons":[],"image":null,"link":null,"locked":null,"children":[],"hGap":0,"shiftY":0,"attributes":null,"allChildren":[]}]},{"id":"ID_1661639564","nodeText":"right_L1P3_Tables","isHtml":false,"folded":false,"icons":[],"image":null,"link":null,"locked":null,"children":[{"id":"ID_1843612913","nodeText":"right_L2P30_NormalTable","isHtml":false,"folded":false,"icons":[],"image":null,"link":null,"locked":null,"children":[],"hGap":0,"shiftY":0,"attributes":{"C0R2_Key":"C1R2_Value","C0R1_Key":"C1R1_Value","C0R0_Key":"C1R0_Value"},"allChildren":[]},{"id":"ID_1531300280","nodeText":"right_L2P31_JabRefTable_WithLinkToPDF","isHtml":false,"folded":false,"icons":[],"image":null,"link":"workspace:/../../../../D:/HTW/docear/../../../literature_repository/Example%20PDFs/Academic%20search%20engine%20spam%20and%20Google%20Scholars%20resilience%20against%20it.pdf","locked":null,"children":[],"hGap":0,"shiftY":0,"attributes":{"journal":"Journal of Electronic Publishing","authors":"{J}oeran {B}eel and {B}ela {G}ipp","title":"{A}cademic search engine spam and {G}oogle {S}cholar's resilience against it","year":"2010","key":"Beel2010"},"allChildren":[]}],"hGap":130,"shiftY":60,"attributes":null,"allChildren":[{"id":"ID_1843612913","nodeText":"right_L2P30_NormalTable","isHtml":false,"folded":false,"icons":[],"image":null,"link":null,"locked":null,"children":[],"hGap":0,"shiftY":0,"attributes":{"C0R2_Key":"C1R2_Value","C0R1_Key":"C1R1_Value","C0R0_Key":"C1R0_Value"},"allChildren":[]},{"id":"ID_1531300280","nodeText":"right_L2P31_JabRefTable_WithLinkToPDF","isHtml":false,"folded":false,"icons":[],"image":null,"link":"workspace:/../../../../D:/HTW/docear/../../../literature_repository/Example%20PDFs/Academic%20search%20engine%20spam%20and%20Google%20Scholars%20resilience%20against%20it.pdf","locked":null,"children":[],"hGap":0,"shiftY":0,"attributes":{"journal":"Journal of Electronic Publishing","authors":"{J}oeran {B}eel and {B}ela {G}ipp","title":"{A}cademic search engine spam and {G}oogle {S}cholar's resilience against it","year":"2010","key":"Beel2010"},"allChildren":[]}]}]}}
akka.actor.RepointableActorRef received
org.docear.messages.Messages$MindmapAsJsonReponse received
akka.actor.RepointableActorRef received
akka.actor.Status$Failure received
akka.actor.RepointableActorRef received
org.docear.messages.Messages$GetNodeResponse received
right_L1P0_Links
akka.actor.RepointableActorRef received
{"id":"1361873629043443330160115262141076.mm","isReadonly":false,"root":{"id":"ID_0","nodeText":"test_5 = MapID ; 5.mm = Title","isHtml":false,"folded":false,"icons":[],"image":null,"link":null,"locked":null,"leftChildren":[{"id":"ID_1395002523","nodeText":"left_L1P0_TreeDepth_5Children","isHtml":false,"folded":false,"icons":[],"image":null,"link":null,"locked":null,"children":[{"id":"ID_1384944366","nodeText":"left_L2P00","isHtml":false,"folded":false,"icons":[],"image":null,"link":null,"locked":null,"children":[{"id":"ID_1886685557","nodeText":"left_L3P000","isHtml":false,"folded":false,"icons":[],"image":null,"link":null,"locked":null,"children":[{"id":"ID_369887845","nodeText":"left_L4P0000","isHtml":false,"folded":false,"icons":[],"image":null,"link":null,"locked":null,"children":[{"id":"ID_1731394006","nodeText":"left_L5P00000","isHtml":false,"folded":false,"icons":[],"image":null,"link":null,"locked":null,"children":[{"id":"ID_1147936295","nodeText":"left_L6P000000","isHtml":false,"folded":false,"icons":[],"image":null,"link":null,"locked":null,"children":[],"hGap":0,"shiftY":0,"attributes":null,"allChildren":[]}],"hGap":0,"shiftY":0,"attributes":null,"allChildren":[{"id":"ID_1147936295","nodeText":"left_L6P000000","isHtml":false,"folded":false,"icons":[],"image":null,"link":null,"locked":null,"children":[],"hGap":0,"shiftY":0,"attributes":null,"allChildren":[]}]}],"hGap":0,"shiftY":0,"attributes":null,"allChildren":[{"id":"ID_1731394006","nodeText":"left_L5P00000","isHtml":false,"folded":false,"icons":[],"image":null,"link":null,"locked":null,"children":[{"id":"ID_1147936295","nodeText":"left_L6P000000","isHtml":false,"folded":false,"icons":[],"image":null,"link":null,"locked":null,"children":[],"hGap":0,"shiftY":0,"attributes":null,"allChildren":[]}],"hGap":0,"shiftY":0,"attributes":null,"allChildren":[{"id":"ID_1147936295","nodeText":"left_L6P000000","isHtml":false,"folded":false,"icons":[],"image":null,"link":null,"locked":null,"children":[],"hGap":0,"shiftY":0,"attributes":null,"allChildren":[]}]}]}],"hGap":0,"shiftY":0,"attributes":null,"allChildren":[{"id":"ID_369887845","nodeText":"left_L4P0000","isHtml":false,"folded":false,"icons":[],"image":null,"link":null,"locked":null,"children":[{"id":"ID_1731394006","nodeText":"left_L5P00000","isHtml":false,"folded":false,"icons":[],"image":null,"link":null,"locked":null,"children":[{"id":"ID_1147936295","nodeText":"left_L6P000000","isHtml":false,"folded":false,"icons":[],"image":null,"link":null,"locked":null,"children":[],"hGap":0,"shiftY":0,"attributes":null,"allChildren":[]}],"hGap":0,"shiftY":0,"attributes":null,"allChildren":[{"id":"ID_1147936295","nodeText":"left_L6P000000","isHtml":false,"folded":false,"icons":[],"image":null,"link":null,"locked":null,"children":[],"hGap":0,"shiftY":0,"attributes":null,"allChildren":[]}]}],"hGap":0,"shiftY":0,"attributes":null,"allChildren":[{"id":"ID_1731394006","nodeText":"left_L5P00000","isHtml":false,"folded":false,"icons":[],"image":null,"link":null,"locked":null,"children":[{"id":"ID_1147936295","nodeText":"left_L6P000000","isHtml":false,"folded":false,"icons":[],"image":null,"link":null,"locked":null,"children":[],"hGap":0,"shiftY":0,"attributes":null,"allChildren":[]}],"hGap":0,"shiftY":0,"attributes":null,"allChildren":[{"id":"ID_1147936295","nodeText":"left_L6P000000","isHtml":false,"folded":false,"icons":[],"image":null,"link":null,"locked":null,"children":[],"hGap":0,"shiftY":0,"attributes":null,"allChildren":[]}]}]}]}],"hGap":0,"shiftY":0,"attributes":null,"allChildren":[{"id":"ID_1886685557","nodeText":"left_L3P000","isHtml":false,"folded":false,"icons":[],"image":null,"link":null,"locked":null,"children":[{"id":"ID_369887845","nodeText":"left_L4P0000","isHtml":false,"folded":false,"icons":[],"image":null,"link":null,"locked":null,"children":[{"id":"ID_1731394006","nodeText":"left_L5P00000","isHtml":false,"folded":false,"icons":[],"image":null,"link":null,"locked":null,"children":[{"id":"ID_1147936295","nodeText":"left_L6P000000","isHtml":false,"folded":false,"icons":[],"image":null,"link":null,"locked":null,"children":[],"hGap":0,"shiftY":0,"attributes":null,"allChildren":[]}],"hGap":0,"shiftY":0,"attributes":null,"allChildren":[{"id":"ID_1147936295","nodeText":"left_L6P000000","isHtml":false,"folded":false,"icons":[],"image":null,"link":null,"locked":null,"children":[],"hGap":0,"shiftY":0,"attributes":null,"allChildren":[]}]}],"hGap":0,"shiftY":0,"attributes":null,"allChildren":[{"id":"ID_1731394006","nodeText":"left_L5P00000","isHtml":false,"folded":false,"icons":[],"image":null,"link":null,"locked":null,"children":[{"id":"ID_1147936295","nodeText":"left_L6P000000","isHtml":false,"folded":false,"icons":[],"image":null,"link":null,"locked":null,"children":[],"hGap":0,"shiftY":0,"attributes":null,"allChildren":[]}],"hGap":0,"shiftY":0,"attributes":null,"allChildren":[{"id":"ID_1147936295","nodeText":"left_L6P000000","isHtml":false,"folded":false,"icons":[],"image":null,"link":null,"locked":null,"children":[],"hGap":0,"shiftY":0,"attributes":null,"allChildren":[]}]}]}],"hGap":0,"shiftY":0,"attributes":null,"allChildren":[{"id":"ID_369887845","nodeText":"left_L4P0000","isHtml":false,"folded":false,"icons":[],"image":null,"link":null,"locked":null,"children":[{"id":"ID_1731394006","nodeText":"left_L5P00000","isHtml":false,"folded":false,"icons":[],"image":null,"link":null,"locked":null,"children":[{"id":"ID_1147936295","nodeText":"left_L6P000000","isHtml":false,"folded":false,"icons":[],"image":null,"link":null,"locked":null,"children":[],"hGap":0,"shiftY":0,"attributes":null,"allChildren":[]}],"hGap":0,"shiftY":0,"attributes":null,"allChildren":[{"id":"ID_1147936295","nodeText":"left_L6P000000","isHtml":false,"folded":false,"icons":[],"image":null,"link":null,"locked":null,"children":[],"hGap":0,"shiftY":0,"attributes":null,"allChildren":[]}]}],"hGap":0,"shiftY":0,"attributes":null,"allChildren":[{"id":"ID_1731394006","nodeText":"left_L5P00000","isHtml":false,"folded":false,"icons":[],"image":null,"link":null,"locked":null,"children":[{"id":"ID_1147936295","nodeText":"left_L6P000000","isHtml":false,"folded":false,"icons":[],"image":null,"link":null,"locked":null,"children":[],"hGap":0,"shiftY":0,"attributes":null,"allChildren":[]}],"hGap":0,"shiftY":0,"attributes":null,"allChildren":[{"id":"ID_1147936295","nodeText":"left_L6P000000","isHtml":false,"folded":false,"icons":[],"image":null,"link":null,"locked":null,"children":[],"hGap":0,"shiftY":0,"attributes":null,"allChildren":[]}]}]}]}]}],"hGap":80,"shiftY":-90,"attributes":null,"allChildren":[{"id":"ID_1384944366","nodeText":"left_L2P00","isHtml":false,"folded":false,"icons":[],"image":null,"link":null,"locked":null,"children":[{"id":"ID_1886685557","nodeText":"left_L3P000","isHtml":false,"folded":false,"icons":[],"image":null,"link":null,"locked":null,"children":[{"id":"ID_369887845","nodeText":"left_L4P0000","isHtml":false,"folded":false,"icons":[],"image":null,"link":null,"locked":null,"children":[{"id":"ID_1731394006","nodeText":"left_L5P00000","isHtml":false,"folded":false,"icons":[],"image":null,"link":null,"locked":null,"children":[{"id":"ID_1147936295","nodeText":"left_L6P000000","isHtml":false,"folded":false,"icons":[],"image":null,"link":null,"locked":null,"children":[],"hGap":0,"shiftY":0,"attributes":null,"allChildren":[]}],"hGap":0,"shiftY":0,"attributes":null,"allChildren":[{"id":"ID_1147936295","nodeText":"left_L6P000000","isHtml":false,"folded":false,"icons":[],"image":null,"link":null,"locked":null,"children":[],"hGap":0,"shiftY":0,"attributes":null,"allChildren":[]}]}],"hGap":0,"shiftY":0,"attributes":null,"allChildren":[{"id":"ID_1731394006","nodeText":"left_L5P00000","isHtml":false,"folded":false,"icons":[],"image":null,"link":null,"locked":null,"children":[{"id":"ID_1147936295","nodeText":"left_L6P000000","isHtml":false,"folded":false,"icons":[],"image":null,"link":null,"locked":null,"children":[],"hGap":0,"shiftY":0,"attributes":null,"allChildren":[]}],"hGap":0,"shiftY":0,"attributes":null,"allChildren":[{"id":"ID_1147936295","nodeText":"left_L6P000000","isHtml":false,"folded":false,"icons":[],"image":null,"link":null,"locked":null,"children":[],"hGap":0,"shiftY":0,"attributes":null,"allChildren":[]}]}]}],"hGap":0,"shiftY":0,"attributes":null,"allChildren":[{"id":"ID_369887845","nodeText":"left_L4P0000","isHtml":false,"folded":false,"icons":[],"image":null,"link":null,"locked":null,"children":[{"id":"ID_1731394006","nodeText":"left_L5P00000","isHtml":false,"folded":false,"icons":[],"image":null,"link":null,"locked":null,"children":[{"id":"ID_1147936295","nodeText":"left_L6P000000","isHtml":false,"folded":false,"icons":[],"image":null,"link":null,"locked":null,"children":[],"hGap":0,"shiftY":0,"attributes":null,"allChildren":[]}],"hGap":0,"shiftY":0,"attributes":null,"allChildren":[{"id":"ID_1147936295","nodeText":"left_L6P000000","isHtml":false,"folded":false,"icons":[],"image":null,"link":null,"locked":null,"children":[],"hGap":0,"shiftY":0,"attributes":null,"allChildren":[]}]}],"hGap":0,"shiftY":0,"attributes":null,"allChildren":[{"id":"ID_1731394006","nodeText":"left_L5P00000","isHtml":false,"folded":false,"icons":[],"image":null,"link":null,"locked":null,"children":[{"id":"ID_1147936295","nodeText":"left_L6P000000","isHtml":false,"folded":false,"icons":[],"image":null,"link":null,"locked":null,"children":[],"hGap":0,"shiftY":0,"attributes":null,"allChildren":[]}],"hGap":0,"shiftY":0,"attributes":null,"allChildren":[{"id":"ID_1147936295","nodeText":"left_L6P000000","isHtml":false,"folded":false,"icons":[],"image":null,"link":null,"locked":null,"children":[],"hGap":0,"shiftY":0,"attributes":null,"allChildren":[]}]}]}]}],"hGap":0,"shiftY":0,"attributes":null,"allChildren":[{"id":"ID_1886685557","nodeText":"left_L3P000","isHtml":false,"folded":false,"icons":[],"image":null,"link":null,"locked":null,"children":[{"id":"ID_369887845","nodeText":"left_L4P0000","isHtml":false,"folded":false,"icons":[],"image":null,"link":null,"locked":null,"children":[{"id":"ID_1731394006","nodeText":"left_L5P00000","isHtml":false,"folded":false,"icons":[],"image":null,"link":null,"locked":null,"children":[{"id":"ID_1147936295","nodeText":"left_L6P000000","isHtml":false,"folded":false,"icons":[],"image":null,"link":null,"locked":null,"children":[],"hGap":0,"shiftY":0,"attributes":null,"allChildren":[]}],"hGap":0,"shiftY":0,"attributes":null,"allChildren":[{"id":"ID_1147936295","nodeText":"left_L6P000000","isHtml":false,"folded":false,"icons":[],"image":null,"link":null,"locked":null,"children":[],"hGap":0,"shiftY":0,"attributes":null,"allChildren":[]}]}],"hGap":0,"shiftY":0,"attributes":null,"allChildren":[{"id":"ID_1731394006","nodeText":"left_L5P00000","isHtml":false,"folded":false,"icons":[],"image":null,"link":null,"locked":null,"children":[{"id":"ID_1147936295","nodeText":"left_L6P000000","isHtml":false,"folded":false,"icons":[],"image":null,"link":null,"locked":null,"children":[],"hGap":0,"shiftY":0,"attributes":null,"allChildren":[]}],"hGap":0,"shiftY":0,"attributes":null,"allChildren":[{"id":"ID_1147936295","nodeText":"left_L6P000000","isHtml":false,"folded":false,"icons":[],"image":null,"link":null,"locked":null,"children":[],"hGap":0,"shiftY":0,"attributes":null,"allChildren":[]}]}]}],"hGap":0,"shiftY":0,"attributes":null,"allChildren":[{"id":"ID_369887845","nodeText":"left_L4P0000","isHtml":false,"folded":false,"icons":[],"image":null,"link":null,"locked":null,"children":[{"id":"ID_1731394006","nodeText":"left_L5P00000","isHtml":false,"folded":false,"icons":[],"image":null,"link":null,"locked":null,"children":[{"id":"ID_1147936295","nodeText":"left_L6P000000","isHtml":false,"folded":false,"icons":[],"image":null,"link":null,"locked":null,"children":[],"hGap":0,"shiftY":0,"attributes":null,"allChildren":[]}],"hGap":0,"shiftY":0,"attributes":null,"allChildren":[{"id":"ID_1147936295","nodeText":"left_L6P000000","isHtml":false,"folded":false,"icons":[],"image":null,"link":null,"locked":null,"children":[],"hGap":0,"shiftY":0,"attributes":null,"allChildren":[]}]}],"hGap":0,"shiftY":0,"attributes":null,"allChildren":[{"id":"ID_1731394006","nodeText":"left_L5P00000","isHtml":false,"folded":false,"icons":[],"image":null,"link":null,"locked":null,"children":[{"id":"ID_1147936295","nodeText":"left_L6P000000","isHtml":false,"folded":false,"icons":[],"image":null,"link":null,"locked":null,"children":[],"hGap":0,"shiftY":0,"attributes":null,"allChildren":[]}],"hGap":0,"shiftY":0,"attributes":null,"allChildren":[{"id":"ID_1147936295","nodeText":"left_L6P000000","isHtml":false,"folded":false,"icons":[],"image":null,"link":null,"locked":null,"children":[],"hGap":0,"shiftY":0,"attributes":null,"allChildren":[]}]}]}]}]}]},{"id":"ID_505304847","nodeText":"left_L1P1_Fold","isHtml":false,"folded":true,"icons":[],"image":null,"link":null,"locked":null,"children":[{"id":"ID_1994088417","nodeText":"left_L2P10_Folded_WithUn-/FoldedChildren","isHtml":false,"folded":false,"icons":[],"image":null,"link":null,"locked":null,"children":[{"id":"ID_111629229","nodeText":"left_L3P100_Unfolded_WithUnfoldedChildren","isHtml":false,"folded":false,"icons":[],"image":null,"link":null,"locked":null,"children":[{"id":"ID_282423477","nodeText":"left_L4P1000_Unfolded","isHtml":false,"folded":false,"icons":[],"image":null,"link":null,"locked":null,"children":[],"hGap":0,"shiftY":0,"attributes":null,"allChildren":[]},{"id":"ID_1072393331","nodeText":"left_L4P1001_Unfolded","isHtml":false,"folded":false,"icons":[],"image":null,"link":null,"locked":null,"children":[],"hGap":0,"shiftY":0,"attributes":null,"allChildren":[]}],"hGap":0,"shiftY":0,"attributes":null,"allChildren":[{"id":"ID_282423477","nodeText":"left_L4P1000_Unfolded","isHtml":false,"folded":false,"icons":[],"image":null,"link":null,"locked":null,"children":[],"hGap":0,"shiftY":0,"attributes":null,"allChildren":[]},{"id":"ID_1072393331","nodeText":"left_L4P1001_Unfolded","isHtml":false,"folded":false,"icons":[],"image":null,"link":nul
[...]
ed":false,"icons":[],"image":null,"link":null,"locked":null,"children":[{"id":"ID_1147936295","nodeText":"left_L6P000000","isHtml":false,"folded":false,"icons":[],"image":null,"link":null,"locked":null,"children":[],"hGap":0,"shiftY":0,"attributes":null,"allChildren":[]}],"hGap":0,"shiftY":0,"attributes":null,"allChildren":[{"id":"ID_1147936295","nodeText":"left_L6P000000","isHtml":false,"folded":false,"icons":[],"image":null,"link":null,"locked":null,"children":[],"hGap":0,"shiftY":0,"attributes":null,"allChildren":[]}]}]}]}]}]},{"id":"ID_505304847","nodeText":"left_L1P1_Fold","isHtml":false,"folded":true,"icons":[],"image":null,"link":null,"locked":null,"children":[{"id":"ID_1994088417","nodeText":"left_L2P10_Folded_WithUn-/FoldedChildren","isHtml":false,"folded":false,"icons":[],"image":null,"link":null,"locked":null,"children":[{"id":"ID_111629229","nodeText":"left_L3P100_Unfolded_WithUnfoldedChildren","isHtml":false,"folded":false,"icons":[],"image":null,"link":null,"locked":null,"children":[{"id":"ID_282423477","nodeText":"left_L4P1000_Unfolded","isHtml":false,"folded":false,"icons":[],"image":null,"link":null,"locked":null,"children":[],"hGap":0,"shiftY":0,"attributes":null,"allChildren":[]},{"id":"ID_1072393331","nodeText":"left_L4P1001_Unfolded","isHtml":false,"folded":false,"icons":[],"image":null,"link":null,"locked":null,"children":[],"hGap":0,"shiftY":0,"attributes":null,"allChildren":[]}],"hGap":0,"shiftY":0,"attributes":null,"allChildren":[{"id":"ID_282423477","nodeText":"left_L4P1000_Unfolded","isHtml":false,"folded":false,"icons":[],"image":null,"link":null,"locked":null,"children":[],"hGap":0,"shiftY":0,"attributes":null,"allChildren":[]},{"id":"ID_1072393331","nodeText":"left_L4P1001_Unfolded","isHtml":false,"folded":false,"icons":[],"image":null,"link":null,"locked":null,"children":[],"hGap":0,"shiftY":0,"attributes":null,"allChildren":[]}]},{"id":"ID_501846187","nodeText":"left_L3P101_Unfolded","isHtml":false,"folded":false,"icons":[],"image":null,"link":null,"locked":null,"children":[],"hGap":0,"shiftY":0,"attributes":null,"allChildren":[]},{"id":"ID_269140428","nodeText":"left_L3P102_Unfolded_WithFoldedChildren","isHtml":false,"folded":true,"icons":[],"image":null,"link":null,"locked":null,"children":[{"id":"ID_855698997","nodeText":"left_L4P1000_Folded","isHtml":false,"folded":false,"icons":[],"image":null,"link":null,"locked":null,"children":[],"hGap":0,"shiftY":0,"attributes":null,"allChildren":[]},{"id":"ID_1928881541","nodeText":"left_L4P1001_Folded","isHtml":false,"folded":false,"icons":[],"image":null,"link":null,"locked":null,"children":[],"hGap":0,"shiftY":0,"attributes":null,"allChildren":[]}],"hGap":0,"shiftY":0,"attributes":null,"allChildren":[{"id":"ID_855698997","nodeText":"left_L4P1000_Folded","isHtml":false,"folded":false,"icons":[],"image":null,"link":null,"locked":null,"children":[],"hGap":0,"shiftY":0,"attributes":null,"allChildren":[]},{"id":"ID_1928881541","nodeText":"left_L4P1001_Folded","isHtml":false,"folded":false,"icons":[],"image":null,"link":null,"locked":null,"children":[],"hGap":0,"shiftY":0,"attributes":null,"allChildren":[]}]}],"hGap":0,"shiftY":0,"attributes":null,"allChildren":[{"id":"ID_111629229","nodeText":"left_L3P100_Unfolded_WithUnfoldedChildren","isHtml":false,"folded":false,"icons":[],"image":null,"link":null,"locked":null,"children":[{"id":"ID_282423477","nodeText":"left_L4P1000_Unfolded","isHtml":false,"folded":false,"icons":[],"image":null,"link":null,"locked":null,"children":[],"hGap":0,"shiftY":0,"attributes":null,"allChildren":[]},{"id":"ID_1072393331","nodeText":"left_L4P1001_Unfolded","isHtml":false,"folded":false,"icons":[],"image":null,"link":null,"locked":null,"children":[],"hGap":0,"shiftY":0,"attributes":null,"allChildren":[]}],"hGap":0,"shiftY":0,"attributes":null,"allChildren":[{"id":"ID_282423477","nodeText":"left_L4P1000_Unfolded","isHtml":false,"folded":false,"icons":[],"image":null,"link":null,"locked":null,"children":[],"hGap":0,"shiftY":0,"attributes":null,"allChildren":[]},{"id":"ID_1072393331","nodeText":"left_L4P1001_Unfolded","isHtml":false,"folded":false,"icons":[],"image":null,"link":null,"locked":null,"children":[],"hGap":0,"shiftY":0,"attributes":null,"allChildren":[]}]},{"id":"ID_501846187","nodeText":"left_L3P101_Unfolded","isHtml":false,"folded":false,"icons":[],"image":null,"link":null,"locked":null,"children":[],"hGap":0,"shiftY":0,"attributes":null,"allChildren":[]},{"id":"ID_269140428","nodeText":"left_L3P102_Unfolded_WithFoldedChildren","isHtml":false,"folded":true,"icons":[],"image":null,"link":null,"locked":null,"children":[{"id":"ID_855698997","nodeText":"left_L4P1000_Folded","isHtml":false,"folded":false,"icons":[],"image":null,"link":null,"locked":null,"children":[],"hGap":0,"shiftY":0,"attributes":null,"allChildren":[]},{"id":"ID_1928881541","nodeText":"left_L4P1001_Folded","isHtml":false,"folded":false,"icons":[],"image":null,"link":null,"locked":null,"children":[],"hGap":0,"shiftY":0,"attributes":null,"allChildren":[]}],"hGap":0,"shiftY":0,"attributes":null,"allChildren":[{"id":"ID_855698997","nodeText":"left_L4P1000_Folded","isHtml":false,"folded":false,"icons":[],"image":null,"link":null,"locked":null,"children":[],"hGap":0,"shiftY":0,"attributes":null,"allChildren":[]},{"id":"ID_1928881541","nodeText":"left_L4P1001_Folded","isHtml":false,"folded":false,"icons":[],"image":null,"link":null,"locked":null,"children":[],"hGap":0,"shiftY":0,"attributes":null,"allChildren":[]}]}]}],"hGap":100,"shiftY":20,"attributes":null,"allChildren":[{"id":"ID_1994088417","nodeText":"left_L2P10_Folded_WithUn-/FoldedChildren","isHtml":false,"folded":false,"icons":[],"image":null,"link":null,"locked":null,"children":[{"id":"ID_111629229","nodeText":"left_L3P100_Unfolded_WithUnfoldedChildren","isHtml":false,"folded":false,"icons":[],"image":null,"link":null,"locked":null,"children":[{"id":"ID_282423477","nodeText":"left_L4P1000_Unfolded","isHtml":false,"folded":false,"icons":[],"image":null,"link":null,"locked":null,"children":[],"hGap":0,"shiftY":0,"attributes":null,"allChildren":[]},{"id":"ID_1072393331","nodeText":"left_L4P1001_Unfolded","isHtml":false,"folded":false,"icons":[],"image":null,"link":null,"locked":null,"children":[],"hGap":0,"shiftY":0,"attributes":null,"allChildren":[]}],"hGap":0,"shiftY":0,"attributes":null,"allChildren":[{"id":"ID_282423477","nodeText":"left_L4P1000_Unfolded","isHtml":false,"folded":false,"icons":[],"image":null,"link":null,"locked":null,"children":[],"hGap":0,"shiftY":0,"attributes":null,"allChildren":[]},{"id":"ID_1072393331","nodeText":"left_L4P1001_Unfolded","isHtml":false,"folded":false,"icons":[],"image":null,"link":null,"locked":null,"children":[],"hGap":0,"shiftY":0,"attributes":null,"allChildren":[]}]},{"id":"ID_501846187","nodeText":"left_L3P101_Unfolded","isHtml":false,"folded":false,"icons":[],"image":null,"link":null,"locked":null,"children":[],"hGap":0,"shiftY":0,"attributes":null,"allChildren":[]},{"id":"ID_269140428","nodeText":"left_L3P102_Unfolded_WithFoldedChildren","isHtml":false,"folded":true,"icons":[],"image":null,"link":null,"locked":null,"children":[{"id":"ID_855698997","nodeText":"left_L4P1000_Folded","isHtml":false,"folded":false,"icons":[],"image":null,"link":null,"locked":null,"children":[],"hGap":0,"shiftY":0,"attributes":null,"allChildren":[]},{"id":"ID_1928881541","nodeText":"left_L4P1001_Folded","isHtml":false,"folded":false,"icons":[],"image":null,"link":null,"locked":null,"children":[],"hGap":0,"shiftY":0,"attributes":null,"allChildren":[]}],"hGap":0,"shiftY":0,"attributes":null,"allChildren":[{"id":"ID_855698997","nodeText":"left_L4P1000_Folded","isHtml":false,"folded":false,"icons":[],"image":null,"link":null,"locked":null,"children":[],"hGap":0,"shiftY":0,"attributes":null,"allChildren":[]},{"id":"ID_1928881541","nodeText":"left_L4P1001_Folded","isHtml":false,"folded":false,"icons":[],"image":null,"link":null,"locked":null,"children":[],"hGap":0,"shiftY":0,"attributes":null,"allChildren":[]}]}],"hGap":0,"shiftY":0,"attributes":null,"allChildren":[{"id":"ID_111629229","nodeText":"left_L3P100_Unfolded_WithUnfoldedChildren","isHtml":false,"folded":false,"icons":[],"image":null,"link":null,"locked":null,"children":[{"id":"ID_282423477","nodeText":"left_L4P1000_Unfolded","isHtml":false,"folded":false,"icons":[],"image":null,"link":null,"locked":null,"children":[],"hGap":0,"shiftY":0,"attributes":null,"allChildren":[]},{"id":"ID_1072393331","nodeText":"left_L4P1001_Unfolded","isHtml":false,"folded":false,"icons":[],"image":null,"link":null,"locked":null,"children":[],"hGap":0,"shiftY":0,"attributes":null,"allChildren":[]}],"hGap":0,"shiftY":0,"attributes":null,"allChildren":[{"id":"ID_282423477","nodeText":"left_L4P1000_Unfolded","isHtml":false,"folded":false,"icons":[],"image":null,"link":null,"locked":null,"children":[],"hGap":0,"shiftY":0,"attributes":null,"allChildren":[]},{"id":"ID_1072393331","nodeText":"left_L4P1001_Unfolded","isHtml":false,"folded":false,"icons":[],"image":null,"link":null,"locked":null,"children":[],"hGap":0,"shiftY":0,"attributes":null,"allChildren":[]}]},{"id":"ID_501846187","nodeText":"left_L3P101_Unfolded","isHtml":false,"folded":false,"icons":[],"image":null,"link":null,"locked":null,"children":[],"hGap":0,"shiftY":0,"attributes":null,"allChildren":[]},{"id":"ID_269140428","nodeText":"left_L3P102_Unfolded_WithFoldedChildren","isHtml":false,"folded":true,"icons":[],"image":null,"link":null,"locked":null,"children":[{"id":"ID_855698997","nodeText":"left_L4P1000_Folded","isHtml":false,"folded":false,"icons":[],"image":null,"link":null,"locked":null,"children":[],"hGap":0,"shiftY":0,"attributes":null,"allChildren":[]},{"id":"ID_1928881541","nodeText":"left_L4P1001_Folded","isHtml":false,"folded":false,"icons":[],"image":null,"link":null,"locked":null,"children":[],"hGap":0,"shiftY":0,"attributes":null,"allChildren":[]}],"hGap":0,"shiftY":0,"attributes":null,"allChildren":[{"id":"ID_855698997","nodeText":"left_L4P1000_Folded","isHtml":false,"folded":false,"icons":[],"image":null,"link":null,"locked":null,"children":[],"hGap":0,"shiftY":0,"attributes":null,"allChildren":[]},{"id":"ID_1928881541","nodeText":"left_L4P1001_Folded","isHtml":false,"folded":false,"icons":[],"image":null,"link":null,"locked":null,"children":[],"hGap":0,"shiftY":0,"attributes":null,"allChildren":[]}]}]}]},{"id":"ID_1657680452","nodeText":"left_L1P2_NodeStyle","isHtml":false,"folded":false,"icons":[],"image":null,"link":null,"locked":null,"children":[{"id":"ID_1355332128","nodeText":"left_L2P20_RootNode","isHtml":false,"folded":false,"icons":[],"image":null,"link":null,"locked":null,"children":[],"hGap":0,"shiftY":0,"attributes":null,"allChildren":[]},{"id":"ID_1139579263","nodeText":"left_L2P21_Level1","isHtml":false,"folded":false,"icons":[],"image":null,"link":null,"locked":null,"children":[],"hGap":0,"shiftY":0,"attributes":null,"allChildren":[]},{"id":"ID_894491244","nodeText":"left_L2P22_Level2","isHtml":false,"folded":false,"icons":[],"image":null,"link":null,"locked":null,"children":[],"hGap":0,"shiftY":0,"attributes":null,"allChildren":[]},{"id":"ID_1514293713","nodeText":"left_L2P23_Details","isHtml":false,"folded":false,"icons":[],"image":null,"link":null,"locked":null,"children":[],"hGap":0,"shiftY":0,"attributes":null,"allChildren":[]},{"id":"ID_594753566","nodeText":"left_L2P24_Important","isHtml":false,"folded":false,"icons":[],"image":null,"link":null,"locked":null,"children":[],"hGap":0,"shiftY":0,"attributes":null,"allChildren":[]}],"hGap":60,"shiftY":90,"attributes":null,"allChildren":[{"id":"ID_1355332128","nodeText":"left_L2P20_RootNode","isHtml":false,"folded":false,"icons":[],"image":null,"link":null,"locked":null,"children":[],"hGap":0,"shiftY":0,"attributes":null,"allChildren":[]},{"id":"ID_1139579263","nodeText":"left_L2P21_Level1","isHtml":false,"folded":false,"icons":[],"image":null,"link":null,"locked":null,"children":[],"hGap":0,"shiftY":0,"attributes":null,"allChildren":[]},{"id":"ID_894491244","nodeText":"left_L2P22_Level2","isHtml":false,"folded":false,"icons":[],"image":null,"link":null,"locked":null,"children":[],"hGap":0,"shiftY":0,"attributes":null,"allChildren":[]},{"id":"ID_1514293713","nodeText":"left_L2P23_Details","isHtml":false,"folded":false,"icons":[],"image":null,"link":null,"locked":null,"children":[],"hGap":0,"shiftY":0,"attributes":null,"allChildren":[]},{"id":"ID_594753566","nodeText":"left_L2P24_Important","isHtml":false,"folded":false,"icons":[],"image":null,"link":null,"locked":null,"children":[],"hGap":0,"shiftY":0,"attributes":null,"allChildren":[]}]},{"id":"ID_1921859689","nodeText":"left_L1P3_Text","isHtml":false,"folded":false,"icons":[],"image":null,"link":null,"locked":null,"children":[{"id":"ID_1724623172","nodeText":"left_L2P30_NormalText","isHtml":false,"folded":false,"icons":[],"image":null,"link":null,"locked":null,"children":[],"hGap":0,"shiftY":0,"attributes":null,"allChildren":[]},{"id":"ID_918586102","nodeText":"<html>\n  <head>\n    \n  </head>\n  <body>\n    <h1>\n      \n    </h1>\n    <p>\n      left_L2P31_HTMLText\n    </p>\n  </body>\n</html>","isHtml":true,"folded":false,"icons":[],"image":null,"link":null,"locked":null,"children":[],"hGap":0,"shiftY":0,"attributes":null,"allChildren":[]}],"hGap":30,"shiftY":90,"attributes":null,"allChildren":[{"id":"ID_1724623172","nodeText":"left_L2P30_NormalText","isHtml":false,"folded":false,"icons":[],"image":null,"link":null,"locked":null,"children":[],"hGap":0,"shiftY":0,"attributes":null,"allChildren":[]},{"id":"ID_918586102","nodeText":"<html>\n  <head>\n    \n  </head>\n  <body>\n    <h1>\n      \n    </h1>\n    <p>\n      left_L2P31_HTMLText\n    </p>\n  </body>\n</html>","isHtml":true,"folded":false,"icons":[],"image":null,"link":null,"locked":null,"children":[],"hGap":0,"shiftY":0,"attributes":null,"allChildren":[]}]},{"id":"ID_1","nodeText":"right_L1P0_Links","isHtml":false,"folded":false,"icons":[],"image":null,"link":null,"locked":null,"children":[{"id":"ID_2","nodeText":"right_L2P00_URL http://www.google.com","isHtml":false,"folded":false,"icons":[],"image":null,"link":"http://www.google.com","locked":null,"children":[],"hGap":0,"shiftY":0,"attributes":null,"allChildren":[]},{"id":"ID_3","nodeText":"right_L2P01_NodeLink_ToParent","isHtml":false,"folded":false,"icons":[],"image":null,"link":"#ID_1","locked":null,"children":[],"hGap":0,"shiftY":0,"attributes":null,"allChildren":[]}],"hGap":70,"shiftY":-160,"attributes":null,"allChildren":[{"id":"ID_2","nodeText":"right_L2P00_URL http://www.google.com","isHtml":false,"folded":false,"icons":[],"image":null,"link":"http://www.google.com","locked":null,"children":[],"hGap":0,"shiftY":0,"attributes":null,"allChildren":[]},{"id":"ID_3","nodeText":"right_L2P01_NodeLink_ToParent","isHtml":false,"folded":false,"icons":[],"image":null,"link":"#ID_1","locked":null,"children":[],"hGap":0,"shiftY":0,"attributes":null,"allChildren":[]}]},{"id":"ID_4","nodeText":"right_L1P1_EdgeStyle","isHtml":false,"folded":false,"icons":[],"image":null,"link":null,"locked":null,"children":[{"id":"ID_5","nodeText":"right_L2P10_sameEdgeStyle","isHtml":false,"folded":false,"icons":[],"image":null,"link":null,"locked":null,"children":[],"hGap":160,"shiftY":0,"attributes":null,"allChildren":[]},{"id":"ID_1694248792","nodeText":"right_L2P11_differentEdgeStyle","isHtml":false,"folded":false,"icons":[],"image":null,"link":null,"locked":null,"children":[],"hGap":150,"shiftY":60,"attributes":null,"allChildren":[]},{"id":"ID_695389559","nodeText":"right_L2P12_differentEdgeWidth","isHtml":false,"folded":false,"icons":[],"image":null,"link":null,"locked":null,"children":[],"hGap":150,"shiftY":60,"attributes":null,"allChildren":[]}],"hGap":0,"shiftY":0,"attributes":null,"allChildren":[{"id":"ID_5","nodeText":"right_L2P10_sameEdgeStyle","isHtml":false,"folded":false,"icons":[],"image":null,"link":null,"locked":null,"children":[],"hGap":160,"shiftY":0,"attributes":null,"allChildren":[]},{"id":"ID_1694248792","nodeText":"right_L2P11_differentEdgeStyle","isHtml":false,"folded":false,"icons":[],"image":null,"link":null,"locked":null,"children":[],"hGap":150,"shiftY":60,"attributes":null,"allChildren":[]},{"id":"ID_695389559","nodeText":"right_L2P12_differentEdgeWidth","isHtml":false,"folded":false,"icons":[],"image":null,"link":null,"locked":null,"children":[],"hGap":150,"shiftY":60,"attributes":null,"allChildren":[]}]},{"id":"ID_1875819033","nodeText":"right_L1P2_Image","isHtml":false,"folded":false,"icons":[],"image":null,"link":null,"locked":null,"children":[{"id":"ID_633666271","nodeText":"right_L2P20_Image_NormalSize","isHtml":false,"folded":false,"icons":[],"image":null,"link":null,"locked":null,"children":[],"hGap":0,"shiftY":0,"attributes":null,"allChildren":[]},{"id":"ID_1952442636","nodeText":"right_L2P21_Image_HalfSize","isHtml":false,"folded":false,"icons":[],"image":null,"link":null,"locked":null,"children":[],"hGap":0,"shiftY":0,"attributes":null,"allChildren":[]}],"hGap":110,"shiftY":90,"attributes":null,"allChildren":[{"id":"ID_633666271","nodeText":"right_L2P20_Image_NormalSize","isHtml":false,"folded":false,"icons":[],"image":null,"link":null,"locked":null,"children":[],"hGap":0,"shiftY":0,"attributes":null,"allChildren":[]},{"id":"ID_1952442636","nodeText":"right_L2P21_Image_HalfSize","isHtml":false,"folded":false,"icons":[],"image":null,"link":null,"locked":null,"children":[],"hGap":0,"shiftY":0,"attributes":null,"allChildren":[]}]},{"id":"ID_1661639564","nodeText":"right_L1P3_Tables","isHtml":false,"folded":false,"icons":[],"image":null,"link":null,"locked":null,"children":[{"id":"ID_1843612913","nodeText":"right_L2P30_NormalTable","isHtml":false,"folded":false,"icons":[],"image":null,"link":null,"locked":null,"children":[],"hGap":0,"shiftY":0,"attributes":{"C0R2_Key":"C1R2_Value","C0R1_Key":"C1R1_Value","C0R0_Key":"C1R0_Value"},"allChildren":[]},{"id":"ID_1531300280","nodeText":"right_L2P31_JabRefTable_WithLinkToPDF","isHtml":false,"folded":false,"icons":[],"image":null,"link":"workspace:/../../../../D:/HTW/docear/../../../literature_repository/Example%20PDFs/Academic%20search%20engine%20spam%20and%20Google%20Scholars%20resilience%20against%20it.pdf","locked":null,"children":[],"hGap":0,"shiftY":0,"attributes":{"journal":"Journal of Electronic Publishing","authors":"{J}oeran {B}eel and {B}ela {G}ipp","title":"{A}cademic search engine spam and {G}oogle {S}cholar's resilience against it","year":"2010","key":"Beel2010"},"allChildren":[]}],"hGap":130,"shiftY":60,"attributes":null,"allChildren":[{"id":"ID_1843612913","nodeText":"right_L2P30_NormalTable","isHtml":false,"folded":false,"icons":[],"image":null,"link":null,"locked":null,"children":[],"hGap":0,"shiftY":0,"attributes":{"C0R2_Key":"C1R2_Value","C0R1_Key":"C1R1_Value","C0R0_Key":"C1R0_Value"},"allChildren":[]},{"id":"ID_1531300280","nodeText":"right_L2P31_JabRefTable_WithLinkToPDF","isHtml":false,"folded":false,"icons":[],"image":null,"link":"workspace:/../../../../D:/HTW/docear/../../../literature_repository/Example%20PDFs/Academic%20search%20engine%20spam%20and%20Google%20Scholars%20resilience%20against%20it.pdf","locked":null,"children":[],"hGap":0,"shiftY":0,"attributes":{"journal":"Journal of Electronic Publishing","authors":"{J}oeran {B}eel and {B}ela {G}ipp","title":"{A}cademic search engine spam and {G}oogle {S}cholar's resilience against it","year":"2010","key":"Beel2010"},"allChildren":[]}]}]}}
akka.actor.Status$Failure received
akka.actor.RepointableActorRef received
org.docear.messages.Messages$AddNodeResponse received

akka.actor.RepointableActorRef received
akka.actor.Status$Failure received
akka.actor.RepointableActorRef received
akka.actor.Status$Failure received
]]></system-out>
  <system-err><![CDATA[warning: Error occured.
warning: Error occured.
warning: Error occured.
warning: Error occured.
warning: Error occured.
warning: Error occured.
warning: Error occured.
warning: Error occured.
warning: Error occured.
]]></system-err>
</testsuite>
